[ 2015-12-03T16:15:30+08:00 ] 127.0.0.1 /HighYan/
INFO: [ app_begin ] --START--
INFO: ReadHtmlCache Behavior ::run [ RunTime:0.012652s ]
INFO: [ app_begin ] --END-- [ RunTime:0.012876s ]
INFO: [ view_parse ] --START--
INFO: ParseTemplate Behavior ::run [ RunTime:0.082814s ]
INFO: [ view_parse ] --END-- [ RunTime:0.082999s ]
INFO: [ view_filter ] --START--
INFO: ContentReplace Behavior ::run [ RunTime:0.006976s ]
INFO: TokenBuild Behavior ::run [ RunTime:0.004154s ]
INFO: WriteHtmlCache Behavior ::run [ RunTime:0.000807s ]
INFO: ShowRuntime Behavior ::run [ RunTime:0.001169s ]
INFO: [ view_filter ] --END-- [ RunTime:0.013494s ]
INFO: [ view_end ] --START--
INFO: ShowPageTrace Behavior ::run [ RunTime:0.019137s ]
INFO: [ view_end ] --END-- [ RunTime:0.019295s ]

[ 2015-12-03T16:15:58+08:00 ] 127.0.0.1 /HighYan/index.php/Lo
INFO: [ route_check ] --START--
INFO: CheckRoute Behavior ::run [ RunTime:0.014339s ]
INFO: [ route_check ] --END-- [ RunTime:0.014542s ]
INFO: [ app_begin ] --START--
INFO: ReadHtmlCache Behavior ::run [ RunTime:0.000440s ]
INFO: [ app_begin ] --END-- [ RunTime:0.000568s ]
ERR: 无法加载模块:Lo

[ 2015-12-03T16:16:04+08:00 ] 127.0.0.1 /HighYan/index.php/Admin/Login
INFO: [ route_check ] --START--
INFO: CheckRoute Behavior ::run [ RunTime:0.000560s ]
INFO: [ route_check ] --END-- [ RunTime:0.000702s ]
INFO: [ app_begin ] --START--
INFO: ReadHtmlCache Behavior ::run [ RunTime:0.000467s ]
INFO: [ app_begin ] --END-- [ RunTime:0.000610s ]
INFO: [ view_parse ] --START--
INFO: ParseTemplate Behavior ::run [ RunTime:0.031942s ]
INFO: [ view_parse ] --END-- [ RunTime:0.032101s ]
INFO: [ view_filter ] --START--
INFO: ContentReplace Behavior ::run [ RunTime:0.000326s ]
INFO: TokenBuild Behavior ::run [ RunTime:0.000333s ]
INFO: WriteHtmlCache Behavior ::run [ RunTime:0.000169s ]
INFO: ShowRuntime Behavior ::run [ RunTime:0.000433s ]
INFO: [ view_filter ] --END-- [ RunTime:0.001611s ]
INFO: [ view_end ] --START--
INFO: ShowPageTrace Behavior ::run [ RunTime:0.000533s ]
INFO: [ view_end ] --END-- [ RunTime:0.000686s ]

[ 2015-12-03T16:16:04+08:00 ] 127.0.0.1 /HighYan/index.php/Admin/Login/verify
INFO: [ route_check ] --START--
INFO: CheckRoute Behavior ::run [ RunTime:0.000530s ]
INFO: [ route_check ] --END-- [ RunTime:0.000659s ]
INFO: [ app_begin ] --START--
INFO: ReadHtmlCache Behavior ::run [ RunTime:0.000373s ]
INFO: [ app_begin ] --END-- [ RunTime:0.000486s ]

[ 2015-12-03T16:28:11+08:00 ] 127.0.0.1 /HighYan/index.php/Admin/Index
INFO: [ route_check ] --START--
INFO: CheckRoute Behavior ::run [ RunTime:0.000560s ]
INFO: [ route_check ] --END-- [ RunTime:0.000704s ]
INFO: [ app_begin ] --START--
INFO: ReadHtmlCache Behavior ::run [ RunTime:0.000443s ]
INFO: [ app_begin ] --END-- [ RunTime:0.000575s ]
INFO: [ view_parse ] --START--
NOTIC: [8] Undefined index: uid /var/www/HighYan/APP/Runtime/Cache/Admin/535580e01fa8474958b57ba3c83c3fb8.php 第 33 行.
NOTIC: [8] Undefined index: uname /var/www/HighYan/APP/Runtime/Cache/Admin/535580e01fa8474958b57ba3c83c3fb8.php 第 40 行.
NOTIC: [8] Undefined index: uid /var/www/HighYan/APP/Runtime/Cache/Admin/535580e01fa8474958b57ba3c83c3fb8.php 第 44 行.
NOTIC: [8] Undefined index: uname /var/www/HighYan/APP/Runtime/Cache/Admin/535580e01fa8474958b57ba3c83c3fb8.php 第 89 行.
NOTIC: [8] Undefined index: uid /var/www/HighYan/APP/Runtime/Cache/Admin/535580e01fa8474958b57ba3c83c3fb8.php 第 162 行.
NOTIC: [8] Undefined index: uid /var/www/HighYan/APP/Runtime/Cache/Admin/535580e01fa8474958b57ba3c83c3fb8.php 第 163 行.
INFO: ParseTemplate Behavior ::run [ RunTime:0.016970s ]
INFO: [ view_parse ] --END-- [ RunTime:0.017119s ]
INFO: [ view_filter ] --START--
INFO: ContentReplace Behavior ::run [ RunTime:0.000345s ]
INFO: TokenBuild Behavior ::run [ RunTime:0.000333s ]
INFO: WriteHtmlCache Behavior ::run [ RunTime:0.000152s ]
INFO: ShowRuntime Behavior ::run [ RunTime:0.000380s ]
INFO: [ view_filter ] --END-- [ RunTime:0.001521s ]
INFO: [ view_end ] --START--
INFO: ShowPageTrace Behavior ::run [ RunTime:0.000448s ]
INFO: [ view_end ] --END-- [ RunTime:0.000564s ]

[ 2015-12-03T16:28:11+08:00 ] 127.0.0.1 /HighYan/index.php/Admin/Show/home
INFO: [ route_check ] --START--
INFO: CheckRoute Behavior ::run [ RunTime:0.000851s ]
INFO: [ route_check ] --END-- [ RunTime:0.000987s ]
INFO: [ app_begin ] --START--
INFO: ReadHtmlCache Behavior ::run [ RunTime:0.000386s ]
INFO: [ app_begin ] --END-- [ RunTime:0.000499s ]
ERR: 无法加载模块:Show

[ 2015-12-03T16:33:34+08:00 ] 127.0.0.1 /HighYan/index.php/Admin/Index
INFO: [ route_check ] --START--
INFO: CheckRoute Behavior ::run [ RunTime:0.000569s ]
INFO: [ route_check ] --END-- [ RunTime:0.000712s ]
INFO: [ app_begin ] --START--
INFO: ReadHtmlCache Behavior ::run [ RunTime:0.000411s ]
INFO: [ app_begin ] --END-- [ RunTime:0.000534s ]
INFO: [ view_parse ] --START--
NOTIC: [8] Undefined index: uid /var/www/HighYan/APP/Runtime/Cache/Admin/535580e01fa8474958b57ba3c83c3fb8.php 第 33 行.
NOTIC: [8] Undefined index: uname /var/www/HighYan/APP/Runtime/Cache/Admin/535580e01fa8474958b57ba3c83c3fb8.php 第 40 行.
NOTIC: [8] Undefined index: uid /var/www/HighYan/APP/Runtime/Cache/Admin/535580e01fa8474958b57ba3c83c3fb8.php 第 44 行.
NOTIC: [8] Undefined index: uname /var/www/HighYan/APP/Runtime/Cache/Admin/535580e01fa8474958b57ba3c83c3fb8.php 第 89 行.
NOTIC: [8] Undefined index: uid /var/www/HighYan/APP/Runtime/Cache/Admin/535580e01fa8474958b57ba3c83c3fb8.php 第 162 行.
NOTIC: [8] Undefined index: uid /var/www/HighYan/APP/Runtime/Cache/Admin/535580e01fa8474958b57ba3c83c3fb8.php 第 163 行.
INFO: ParseTemplate Behavior ::run [ RunTime:0.014221s ]
INFO: [ view_parse ] --END-- [ RunTime:0.014350s ]
INFO: [ view_filter ] --START--
INFO: ContentReplace Behavior ::run [ RunTime:0.000352s ]
INFO: TokenBuild Behavior ::run [ RunTime:0.000296s ]
INFO: WriteHtmlCache Behavior ::run [ RunTime:0.000145s ]
INFO: ShowRuntime Behavior ::run [ RunTime:0.000371s ]
INFO: [ view_filter ] --END-- [ RunTime:0.001466s ]
INFO: [ view_end ] --START--
INFO: ShowPageTrace Behavior ::run [ RunTime:0.000435s ]
INFO: [ view_end ] --END-- [ RunTime:0.000547s ]

[ 2015-12-03T16:33:34+08:00 ] 127.0.0.1 /HighYan/index.php/Admin/Show/home
INFO: [ route_check ] --START--
INFO: CheckRoute Behavior ::run [ RunTime:0.000567s ]
INFO: [ route_check ] --END-- [ RunTime:0.000868s ]
INFO: [ app_begin ] --START--
INFO: ReadHtmlCache Behavior ::run [ RunTime:0.000419s ]
INFO: [ app_begin ] --END-- [ RunTime:0.000559s ]
ERR: 无法加载模块:Show

[ 2015-12-03T16:36:00+08:00 ] 127.0.0.1 /HighYan/index.php/Admin/Index
INFO: [ route_check ] --START--
INFO: CheckRoute Behavior ::run [ RunTime:0.000599s ]
INFO: [ route_check ] --END-- [ RunTime:0.000753s ]
INFO: [ app_begin ] --START--
INFO: ReadHtmlCache Behavior ::run [ RunTime:0.000413s ]
INFO: [ app_begin ] --END-- [ RunTime:0.000535s ]
INFO: [ view_parse ] --START--
NOTIC: [8] Undefined index: uid /var/www/HighYan/APP/Runtime/Cache/Admin/535580e01fa8474958b57ba3c83c3fb8.php 第 33 行.
NOTIC: [8] Undefined index: uname /var/www/HighYan/APP/Runtime/Cache/Admin/535580e01fa8474958b57ba3c83c3fb8.php 第 40 行.
NOTIC: [8] Undefined index: uid /var/www/HighYan/APP/Runtime/Cache/Admin/535580e01fa8474958b57ba3c83c3fb8.php 第 44 行.
NOTIC: [8] Undefined index: uname /var/www/HighYan/APP/Runtime/Cache/Admin/535580e01fa8474958b57ba3c83c3fb8.php 第 89 行.
NOTIC: [8] Undefined index: uid /var/www/HighYan/APP/Runtime/Cache/Admin/535580e01fa8474958b57ba3c83c3fb8.php 第 162 行.
NOTIC: [8] Undefined index: uid /var/www/HighYan/APP/Runtime/Cache/Admin/535580e01fa8474958b57ba3c83c3fb8.php 第 163 行.
INFO: ParseTemplate Behavior ::run [ RunTime:0.014391s ]
INFO: [ view_parse ] --END-- [ RunTime:0.014521s ]
INFO: [ view_filter ] --START--
INFO: ContentReplace Behavior ::run [ RunTime:0.000365s ]
INFO: TokenBuild Behavior ::run [ RunTime:0.000309s ]
INFO: WriteHtmlCache Behavior ::run [ RunTime:0.000147s ]
INFO: ShowRuntime Behavior ::run [ RunTime:0.000381s ]
INFO: [ view_filter ] --END-- [ RunTime:0.001510s ]
INFO: [ view_end ] --START--
INFO: ShowPageTrace Behavior ::run [ RunTime:0.000450s ]
INFO: [ view_end ] --END-- [ RunTime:0.000569s ]

[ 2015-12-03T16:36:00+08:00 ] 127.0.0.1 /HighYan/index.php/Admin/Show/home
INFO: [ route_check ] --START--
INFO: CheckRoute Behavior ::run [ RunTime:0.000614s ]
INFO: [ route_check ] --END-- [ RunTime:0.000782s ]
INFO: [ app_begin ] --START--
INFO: ReadHtmlCache Behavior ::run [ RunTime:0.000392s ]
INFO: [ app_begin ] --END-- [ RunTime:0.000509s ]
ERR: 无法加载模块:Show

[ 2015-12-03T16:36:07+08:00 ] 127.0.0.1 /HighYan/index.php/Admin/Msg/msg
INFO: [ route_check ] --START--
INFO: CheckRoute Behavior ::run [ RunTime:0.001083s ]
INFO: [ route_check ] --END-- [ RunTime:0.001319s ]
INFO: [ app_begin ] --START--
INFO: ReadHtmlCache Behavior ::run [ RunTime:0.000437s ]
INFO: [ app_begin ] --END-- [ RunTime:0.000564s ]
ERR: 无法加载模块:Msg

[ 2015-12-03T17:59:30+08:00 ] 10.202.108.10 /HighYan/index.php/Admin/
INFO: [ route_check ] --START--
INFO: CheckRoute Behavior ::run [ RunTime:0.000928s ]
INFO: [ route_check ] --END-- [ RunTime:0.001148s ]
INFO: [ app_begin ] --START--
INFO: ReadHtmlCache Behavior ::run [ RunTime:0.000649s ]
INFO: [ app_begin ] --END-- [ RunTime:0.000844s ]
INFO: [ view_parse ] --START--
NOTIC: [8] Undefined index: uid /var/www/HighYan/APP/Runtime/Cache/Admin/535580e01fa8474958b57ba3c83c3fb8.php 第 33 行.
NOTIC: [8] Undefined index: uname /var/www/HighYan/APP/Runtime/Cache/Admin/535580e01fa8474958b57ba3c83c3fb8.php 第 40 行.
NOTIC: [8] Undefined index: uid /var/www/HighYan/APP/Runtime/Cache/Admin/535580e01fa8474958b57ba3c83c3fb8.php 第 44 行.
NOTIC: [8] Undefined index: uname /var/www/HighYan/APP/Runtime/Cache/Admin/535580e01fa8474958b57ba3c83c3fb8.php 第 89 行.
NOTIC: [8] Undefined index: uid /var/www/HighYan/APP/Runtime/Cache/Admin/535580e01fa8474958b57ba3c83c3fb8.php 第 162 行.
NOTIC: [8] Undefined index: uid /var/www/HighYan/APP/Runtime/Cache/Admin/535580e01fa8474958b57ba3c83c3fb8.php 第 163 行.
INFO: ParseTemplate Behavior ::run [ RunTime:0.013969s ]
INFO: [ view_parse ] --END-- [ RunTime:0.014130s ]
INFO: [ view_filter ] --START--
INFO: ContentReplace Behavior ::run [ RunTime:0.000274s ]
INFO: TokenBuild Behavior ::run [ RunTime:0.000284s ]
INFO: WriteHtmlCache Behavior ::run [ RunTime:0.000139s ]
INFO: ShowRuntime Behavior ::run [ RunTime:0.000369s ]
INFO: [ view_filter ] --END-- [ RunTime:0.001365s ]
INFO: [ view_end ] --START--
INFO: ShowPageTrace Behavior ::run [ RunTime:0.000419s ]
INFO: [ view_end ] --END-- [ RunTime:0.000532s ]

[ 2015-12-03T17:59:30+08:00 ] 10.202.108.10 /HighYan/index.php/Admin/Show/home
INFO: [ route_check ] --START--
INFO: CheckRoute Behavior ::run [ RunTime:0.000658s ]
INFO: [ route_check ] --END-- [ RunTime:0.000820s ]
INFO: [ app_begin ] --START--
INFO: ReadHtmlCache Behavior ::run [ RunTime:0.000413s ]
INFO: [ app_begin ] --END-- [ RunTime:0.000530s ]
ERR: 无法加载模块:Show

[ 2015-12-03T17:59:35+08:00 ] 10.202.108.10 /HighYan/index.php/Admin/Msg/msg
INFO: [ route_check ] --START--
INFO: CheckRoute Behavior ::run [ RunTime:0.000587s ]
INFO: [ route_check ] --END-- [ RunTime:0.000718s ]
INFO: [ app_begin ] --START--
INFO: ReadHtmlCache Behavior ::run [ RunTime:0.000399s ]
INFO: [ app_begin ] --END-- [ RunTime:0.000515s ]
ERR: 无法加载模块:Msg

[ 2015-12-03T17:59:48+08:00 ] 10.202.108.10 /HighYan/index.php/Admin/Index/index
INFO: [ route_check ] --START--
INFO: CheckRoute Behavior ::run [ RunTime:0.000920s ]
INFO: [ route_check ] --END-- [ RunTime:0.001139s ]
INFO: [ app_begin ] --START--
INFO: ReadHtmlCache Behavior ::run [ RunTime:0.000379s ]
INFO: [ app_begin ] --END-- [ RunTime:0.000492s ]
INFO: [ view_parse ] --START--
NOTIC: [8] Undefined index: uid /var/www/HighYan/APP/Runtime/Cache/Admin/535580e01fa8474958b57ba3c83c3fb8.php 第 33 行.
NOTIC: [8] Undefined index: uname /var/www/HighYan/APP/Runtime/Cache/Admin/535580e01fa8474958b57ba3c83c3fb8.php 第 40 行.
NOTIC: [8] Undefined index: uid /var/www/HighYan/APP/Runtime/Cache/Admin/535580e01fa8474958b57ba3c83c3fb8.php 第 44 行.
NOTIC: [8] Undefined index: uname /var/www/HighYan/APP/Runtime/Cache/Admin/535580e01fa8474958b57ba3c83c3fb8.php 第 89 行.
NOTIC: [8] Undefined index: uid /var/www/HighYan/APP/Runtime/Cache/Admin/535580e01fa8474958b57ba3c83c3fb8.php 第 162 行.
NOTIC: [8] Undefined index: uid /var/www/HighYan/APP/Runtime/Cache/Admin/535580e01fa8474958b57ba3c83c3fb8.php 第 163 行.
INFO: ParseTemplate Behavior ::run [ RunTime:0.013842s ]
INFO: [ view_parse ] --END-- [ RunTime:0.013963s ]
INFO: [ view_filter ] --START--
INFO: ContentReplace Behavior ::run [ RunTime:0.000284s ]
INFO: TokenBuild Behavior ::run [ RunTime:0.000285s ]
INFO: WriteHtmlCache Behavior ::run [ RunTime:0.000140s ]
INFO: ShowRuntime Behavior ::run [ RunTime:0.000370s ]
INFO: [ view_filter ] --END-- [ RunTime:0.001379s ]
INFO: [ view_end ] --START--
INFO: ShowPageTrace Behavior ::run [ RunTime:0.000414s ]
INFO: [ view_end ] --END-- [ RunTime:0.000527s ]

[ 2015-12-03T17:59:48+08:00 ] 10.202.108.10 /HighYan/index.php/Admin/Show/home
INFO: [ route_check ] --START--
INFO: CheckRoute Behavior ::run [ RunTime:0.000530s ]
INFO: [ route_check ] --END-- [ RunTime:0.000658s ]
INFO: [ app_begin ] --START--
INFO: ReadHtmlCache Behavior ::run [ RunTime:0.000372s ]
INFO: [ app_begin ] --END-- [ RunTime:0.000484s ]
ERR: 无法加载模块:Show

[ 2015-12-03T17:59:50+08:00 ] 10.202.108.10 /HighYan/index.php/Home/Home/index
INFO: [ route_check ] --START--
INFO: CheckRoute Behavior ::run [ RunTime:0.000530s ]
INFO: [ route_check ] --END-- [ RunTime:0.000660s ]
INFO: [ app_begin ] --START--
INFO: ReadHtmlCache Behavior ::run [ RunTime:0.000372s ]
INFO: [ app_begin ] --END-- [ RunTime:0.000484s ]
ERR: 无法加载模块:Home

[ 2015-12-03T17:59:53+08:00 ] 10.202.108.10 /HighYan/index.php/Admin/Show/home
INFO: [ route_check ] --START--
INFO: CheckRoute Behavior ::run [ RunTime:0.000532s ]
INFO: [ route_check ] --END-- [ RunTime:0.000662s ]
INFO: [ app_begin ] --START--
INFO: ReadHtmlCache Behavior ::run [ RunTime:0.000373s ]
INFO: [ app_begin ] --END-- [ RunTime:0.000484s ]
ERR: 无法加载模块:Show

[ 2015-12-03T18:04:55+08:00 ] 10.202.108.10 /HighYan/index.php/Admin/Index/index
INFO: [ route_check ] --START--
INFO: CheckRoute Behavior ::run [ RunTime:0.000916s ]
INFO: [ route_check ] --END-- [ RunTime:0.001131s ]
INFO: [ app_begin ] --START--
INFO: ReadHtmlCache Behavior ::run [ RunTime:0.000655s ]
INFO: [ app_begin ] --END-- [ RunTime:0.000850s ]
INFO: [ view_parse ] --START--
NOTIC: [8] Undefined index: uid /var/www/HighYan/APP/Runtime/Cache/Admin/535580e01fa8474958b57ba3c83c3fb8.php 第 33 行.
NOTIC: [8] Undefined index: uname /var/www/HighYan/APP/Runtime/Cache/Admin/535580e01fa8474958b57ba3c83c3fb8.php 第 40 行.
NOTIC: [8] Undefined index: uid /var/www/HighYan/APP/Runtime/Cache/Admin/535580e01fa8474958b57ba3c83c3fb8.php 第 44 行.
NOTIC: [8] Undefined index: uname /var/www/HighYan/APP/Runtime/Cache/Admin/535580e01fa8474958b57ba3c83c3fb8.php 第 89 行.
NOTIC: [8] Undefined index: uid /var/www/HighYan/APP/Runtime/Cache/Admin/535580e01fa8474958b57ba3c83c3fb8.php 第 162 行.
NOTIC: [8] Undefined index: uid /var/www/HighYan/APP/Runtime/Cache/Admin/535580e01fa8474958b57ba3c83c3fb8.php 第 163 行.
INFO: ParseTemplate Behavior ::run [ RunTime:0.015104s ]
INFO: [ view_parse ] --END-- [ RunTime:0.015265s ]
INFO: [ view_filter ] --START--
INFO: ContentReplace Behavior ::run [ RunTime:0.000277s ]
INFO: TokenBuild Behavior ::run [ RunTime:0.000287s ]
INFO: WriteHtmlCache Behavior ::run [ RunTime:0.000140s ]
INFO: ShowRuntime Behavior ::run [ RunTime:0.000368s ]
INFO: [ view_filter ] --END-- [ RunTime:0.001372s ]
INFO: [ view_end ] --START--
INFO: ShowPageTrace Behavior ::run [ RunTime:0.000410s ]
INFO: [ view_end ] --END-- [ RunTime:0.000523s ]

[ 2015-12-03T18:04:55+08:00 ] 10.202.108.10 /HighYan/index.php/Admin/Index/home
INFO: [ route_check ] --START--
INFO: CheckRoute Behavior ::run [ RunTime:0.000529s ]
INFO: [ route_check ] --END-- [ RunTime:0.000657s ]
INFO: [ app_begin ] --START--
INFO: ReadHtmlCache Behavior ::run [ RunTime:0.000378s ]
INFO: [ app_begin ] --END-- [ RunTime:0.000489s ]
INFO: [ view_parse ] --START--
NOTIC: [8] Undefined index: uname /var/www/HighYan/APP/Runtime/Cache/Admin/167d63cc805ee767a3764a5ddeed5aeb.php 第 24 行.
NOTIC: [8] Undefined index: uname /var/www/HighYan/APP/Runtime/Cache/Admin/167d63cc805ee767a3764a5ddeed5aeb.php 第 25 行.
INFO: ParseTemplate Behavior ::run [ RunTime:0.008112s ]
INFO: [ view_parse ] --END-- [ RunTime:0.008230s ]
INFO: [ view_filter ] --START--
INFO: ContentReplace Behavior ::run [ RunTime:0.000254s ]
INFO: TokenBuild Behavior ::run [ RunTime:0.000284s ]
INFO: WriteHtmlCache Behavior ::run [ RunTime:0.000142s ]
INFO: ShowRuntime Behavior ::run [ RunTime:0.000390s ]
INFO: [ view_filter ] --END-- [ RunTime:0.001371s ]
INFO: [ view_end ] --START--
INFO: ShowPageTrace Behavior ::run [ RunTime:0.000415s ]
INFO: [ view_end ] --END-- [ RunTime:0.000530s ]

[ 2015-12-03T18:04:55+08:00 ] 10.202.108.10 /HighYan/index.php/Admin/Index/home
INFO: [ route_check ] --START--
INFO: CheckRoute Behavior ::run [ RunTime:0.000819s ]
INFO: [ route_check ] --END-- [ RunTime:0.000993s ]
INFO: [ app_begin ] --START--
INFO: ReadHtmlCache Behavior ::run [ RunTime:0.000377s ]
INFO: [ app_begin ] --END-- [ RunTime:0.000489s ]
INFO: [ view_parse ] --START--
NOTIC: [8] Undefined index: uname /var/www/HighYan/APP/Runtime/Cache/Admin/167d63cc805ee767a3764a5ddeed5aeb.php 第 24 行.
NOTIC: [8] Undefined index: uname /var/www/HighYan/APP/Runtime/Cache/Admin/167d63cc805ee767a3764a5ddeed5aeb.php 第 25 行.
INFO: ParseTemplate Behavior ::run [ RunTime:0.008196s ]
INFO: [ view_parse ] --END-- [ RunTime:0.008314s ]
INFO: [ view_filter ] --START--
INFO: ContentReplace Behavior ::run [ RunTime:0.000258s ]
INFO: TokenBuild Behavior ::run [ RunTime:0.000284s ]
INFO: WriteHtmlCache Behavior ::run [ RunTime:0.000142s ]
INFO: ShowRuntime Behavior ::run [ RunTime:0.000369s ]
INFO: [ view_filter ] --END-- [ RunTime:0.001374s ]
INFO: [ view_end ] --START--
INFO: ShowPageTrace Behavior ::run [ RunTime:0.000418s ]
INFO: [ view_end ] --END-- [ RunTime:0.000534s ]

[ 2015-12-03T18:05:06+08:00 ] 10.202.108.10 /HighYan/index.php/Admin/Msg/msg
INFO: [ route_check ] --START--
INFO: CheckRoute Behavior ::run [ RunTime:0.000951s ]
INFO: [ route_check ] --END-- [ RunTime:0.001123s ]
INFO: [ app_begin ] --START--
INFO: ReadHtmlCache Behavior ::run [ RunTime:0.000390s ]
INFO: [ app_begin ] --END-- [ RunTime:0.000505s ]
ERR: 无法加载模块:Msg

[ 2015-12-03T18:05:59+08:00 ] 127.0.0.1 /HighYan/index.php/Admin/Index
INFO: [ route_check ] --START--
INFO: CheckRoute Behavior ::run [ RunTime:0.000687s ]
INFO: [ route_check ] --END-- [ RunTime:0.000850s ]
INFO: [ app_begin ] --START--
INFO: ReadHtmlCache Behavior ::run [ RunTime:0.000399s ]
INFO: [ app_begin ] --END-- [ RunTime:0.000519s ]
INFO: [ view_parse ] --START--
NOTIC: [8] Undefined index: uid /var/www/HighYan/APP/Runtime/Cache/Admin/535580e01fa8474958b57ba3c83c3fb8.php 第 33 行.
NOTIC: [8] Undefined index: uname /var/www/HighYan/APP/Runtime/Cache/Admin/535580e01fa8474958b57ba3c83c3fb8.php 第 40 行.
NOTIC: [8] Undefined index: uid /var/www/HighYan/APP/Runtime/Cache/Admin/535580e01fa8474958b57ba3c83c3fb8.php 第 44 行.
NOTIC: [8] Undefined index: uname /var/www/HighYan/APP/Runtime/Cache/Admin/535580e01fa8474958b57ba3c83c3fb8.php 第 89 行.
NOTIC: [8] Undefined index: uid /var/www/HighYan/APP/Runtime/Cache/Admin/535580e01fa8474958b57ba3c83c3fb8.php 第 162 行.
NOTIC: [8] Undefined index: uid /var/www/HighYan/APP/Runtime/Cache/Admin/535580e01fa8474958b57ba3c83c3fb8.php 第 163 行.
INFO: ParseTemplate Behavior ::run [ RunTime:0.014720s ]
INFO: [ view_parse ] --END-- [ RunTime:0.014857s ]
INFO: [ view_filter ] --START--
INFO: ContentReplace Behavior ::run [ RunTime:0.000303s ]
INFO: TokenBuild Behavior ::run [ RunTime:0.000288s ]
INFO: WriteHtmlCache Behavior ::run [ RunTime:0.000147s ]
INFO: ShowRuntime Behavior ::run [ RunTime:0.000388s ]
INFO: [ view_filter ] --END-- [ RunTime:0.001430s ]
INFO: [ view_end ] --START--
INFO: ShowPageTrace Behavior ::run [ RunTime:0.000431s ]
INFO: [ view_end ] --END-- [ RunTime:0.000549s ]

[ 2015-12-03T18:05:59+08:00 ] 127.0.0.1 /HighYan/index.php/Admin/Index/home
INFO: [ route_check ] --START--
INFO: CheckRoute Behavior ::run [ RunTime:0.000645s ]
INFO: [ route_check ] --END-- [ RunTime:0.000797s ]
INFO: [ app_begin ] --START--
INFO: ReadHtmlCache Behavior ::run [ RunTime:0.000596s ]
INFO: [ app_begin ] --END-- [ RunTime:0.000729s ]
INFO: [ view_parse ] --START--
NOTIC: [8] Undefined index: uname /var/www/HighYan/APP/Runtime/Cache/Admin/167d63cc805ee767a3764a5ddeed5aeb.php 第 24 行.
NOTIC: [8] Undefined index: uname /var/www/HighYan/APP/Runtime/Cache/Admin/167d63cc805ee767a3764a5ddeed5aeb.php 第 25 行.
INFO: ParseTemplate Behavior ::run [ RunTime:0.008829s ]
INFO: [ view_parse ] --END-- [ RunTime:0.008961s ]
INFO: [ view_filter ] --START--
INFO: ContentReplace Behavior ::run [ RunTime:0.000295s ]
INFO: TokenBuild Behavior ::run [ RunTime:0.000299s ]
INFO: WriteHtmlCache Behavior ::run [ RunTime:0.000154s ]
INFO: ShowRuntime Behavior ::run [ RunTime:0.000376s ]
INFO: [ view_filter ] --END-- [ RunTime:0.001427s ]
INFO: [ view_end ] --START--
INFO: ShowPageTrace Behavior ::run [ RunTime:0.000447s ]
INFO: [ view_end ] --END-- [ RunTime:0.000574s ]

[ 2015-12-03T18:05:59+08:00 ] 127.0.0.1 /HighYan/index.php/Admin/Index/home
INFO: [ route_check ] --START--
INFO: CheckRoute Behavior ::run [ RunTime:0.000601s ]
INFO: [ route_check ] --END-- [ RunTime:0.000740s ]
INFO: [ app_begin ] --START--
INFO: ReadHtmlCache Behavior ::run [ RunTime:0.000384s ]
INFO: [ app_begin ] --END-- [ RunTime:0.000500s ]
INFO: [ view_parse ] --START--
NOTIC: [8] Undefined index: uname /var/www/HighYan/APP/Runtime/Cache/Admin/167d63cc805ee767a3764a5ddeed5aeb.php 第 24 行.
NOTIC: [8] Undefined index: uname /var/www/HighYan/APP/Runtime/Cache/Admin/167d63cc805ee767a3764a5ddeed5aeb.php 第 25 行.
INFO: ParseTemplate Behavior ::run [ RunTime:0.008574s ]
INFO: [ view_parse ] --END-- [ RunTime:0.008705s ]
INFO: [ view_filter ] --START--
INFO: ContentReplace Behavior ::run [ RunTime:0.000293s ]
INFO: TokenBuild Behavior ::run [ RunTime:0.000295s ]
INFO: WriteHtmlCache Behavior ::run [ RunTime:0.000140s ]
INFO: ShowRuntime Behavior ::run [ RunTime:0.000381s ]
INFO: [ view_filter ] --END-- [ RunTime:0.001420s ]
INFO: [ view_end ] --START--
INFO: ShowPageTrace Behavior ::run [ RunTime:0.000472s ]
INFO: [ view_end ] --END-- [ RunTime:0.000603s ]

[ 2015-12-03T18:29:30+08:00 ] 127.0.0.1 /HighYan/index.php/Admin/Index
INFO: [ route_check ] --START--
INFO: CheckRoute Behavior ::run [ RunTime:0.000571s ]
INFO: [ route_check ] --END-- [ RunTime:0.000714s ]
INFO: [ app_begin ] --START--
INFO: ReadHtmlCache Behavior ::run [ RunTime:0.000407s ]
INFO: [ app_begin ] --END-- [ RunTime:0.000526s ]
INFO: [ view_parse ] --START--
NOTIC: [8] Undefined index: uid /var/www/HighYan/APP/Runtime/Cache/Admin/535580e01fa8474958b57ba3c83c3fb8.php 第 33 行.
NOTIC: [8] Undefined index: uname /var/www/HighYan/APP/Runtime/Cache/Admin/535580e01fa8474958b57ba3c83c3fb8.php 第 40 行.
NOTIC: [8] Undefined index: uid /var/www/HighYan/APP/Runtime/Cache/Admin/535580e01fa8474958b57ba3c83c3fb8.php 第 44 行.
NOTIC: [8] Undefined index: uname /var/www/HighYan/APP/Runtime/Cache/Admin/535580e01fa8474958b57ba3c83c3fb8.php 第 89 行.
NOTIC: [8] Undefined index: uid /var/www/HighYan/APP/Runtime/Cache/Admin/535580e01fa8474958b57ba3c83c3fb8.php 第 162 行.
NOTIC: [8] Undefined index: uid /var/www/HighYan/APP/Runtime/Cache/Admin/535580e01fa8474958b57ba3c83c3fb8.php 第 163 行.
INFO: ParseTemplate Behavior ::run [ RunTime:0.014579s ]
INFO: [ view_parse ] --END-- [ RunTime:0.014704s ]
INFO: [ view_filter ] --START--
INFO: ContentReplace Behavior ::run [ RunTime:0.000295s ]
INFO: TokenBuild Behavior ::run [ RunTime:0.000291s ]
INFO: WriteHtmlCache Behavior ::run [ RunTime:0.000141s ]
INFO: ShowRuntime Behavior ::run [ RunTime:0.000366s ]
INFO: [ view_filter ] --END-- [ RunTime:0.001395s ]
INFO: [ view_end ] --START--
INFO: ShowPageTrace Behavior ::run [ RunTime:0.000434s ]
INFO: [ view_end ] --END-- [ RunTime:0.000550s ]

[ 2015-12-03T18:29:30+08:00 ] 127.0.0.1 /HighYan/index.php/Admin/Index/home
INFO: [ route_check ] --START--
INFO: CheckRoute Behavior ::run [ RunTime:0.000913s ]
INFO: [ route_check ] --END-- [ RunTime:0.001063s ]
INFO: [ app_begin ] --START--
INFO: ReadHtmlCache Behavior ::run [ RunTime:0.000750s ]
INFO: [ app_begin ] --END-- [ RunTime:0.000881s ]
INFO: [ view_parse ] --START--
NOTIC: [8] Undefined index: uname /var/www/HighYan/APP/Runtime/Cache/Admin/167d63cc805ee767a3764a5ddeed5aeb.php 第 24 行.
NOTIC: [8] Undefined index: uname /var/www/HighYan/APP/Runtime/Cache/Admin/167d63cc805ee767a3764a5ddeed5aeb.php 第 25 行.
INFO: ParseTemplate Behavior ::run [ RunTime:0.009103s ]
INFO: [ view_parse ] --END-- [ RunTime:0.009235s ]
INFO: [ view_filter ] --START--
INFO: ContentReplace Behavior ::run [ RunTime:0.000295s ]
INFO: TokenBuild Behavior ::run [ RunTime:0.000294s ]
INFO: WriteHtmlCache Behavior ::run [ RunTime:0.000144s ]
INFO: ShowRuntime Behavior ::run [ RunTime:0.000371s ]
INFO: [ view_filter ] --END-- [ RunTime:0.001409s ]
INFO: [ view_end ] --START--
INFO: ShowPageTrace Behavior ::run [ RunTime:0.000429s ]
INFO: [ view_end ] --END-- [ RunTime:0.000548s ]

[ 2015-12-03T18:29:30+08:00 ] 127.0.0.1 /HighYan/index.php/Admin/Index/home
INFO: [ route_check ] --START--
INFO: CheckRoute Behavior ::run [ RunTime:0.000575s ]
INFO: [ route_check ] --END-- [ RunTime:0.000710s ]
INFO: [ app_begin ] --START--
INFO: ReadHtmlCache Behavior ::run [ RunTime:0.000381s ]
INFO: [ app_begin ] --END-- [ RunTime:0.000519s ]
INFO: [ view_parse ] --START--
NOTIC: [8] Undefined index: uname /var/www/HighYan/APP/Runtime/Cache/Admin/167d63cc805ee767a3764a5ddeed5aeb.php 第 24 行.
NOTIC: [8] Undefined index: uname /var/www/HighYan/APP/Runtime/Cache/Admin/167d63cc805ee767a3764a5ddeed5aeb.php 第 25 行.
INFO: ParseTemplate Behavior ::run [ RunTime:0.008464s ]
INFO: [ view_parse ] --END-- [ RunTime:0.008616s ]
INFO: [ view_filter ] --START--
INFO: ContentReplace Behavior ::run [ RunTime:0.000328s ]
INFO: TokenBuild Behavior ::run [ RunTime:0.000326s ]
INFO: WriteHtmlCache Behavior ::run [ RunTime:0.000146s ]
INFO: ShowRuntime Behavior ::run [ RunTime:0.000370s ]
INFO: [ view_filter ] --END-- [ RunTime:0.001474s ]
INFO: [ view_end ] --START--
INFO: ShowPageTrace Behavior ::run [ RunTime:0.000433s ]
INFO: [ view_end ] --END-- [ RunTime:0.000549s ]

[ 2015-12-03T18:29:40+08:00 ] 127.0.0.1 /HighYan/index.php/Admin/Msg/msg
INFO: [ route_check ] --START--
INFO: CheckRoute Behavior ::run [ RunTime:0.000752s ]
INFO: [ route_check ] --END-- [ RunTime:0.000936s ]
INFO: [ app_begin ] --START--
INFO: ReadHtmlCache Behavior ::run [ RunTime:0.000414s ]
INFO: [ app_begin ] --END-- [ RunTime:0.000539s ]
ERR: 无法加载模块:Msg

[ 2015-12-03T18:29:43+08:00 ] 127.0.0.1 /HighYan/index.php/Admin/Show/user
INFO: [ route_check ] --START--
INFO: CheckRoute Behavior ::run [ RunTime:0.000938s ]
INFO: [ route_check ] --END-- [ RunTime:0.001166s ]
INFO: [ app_begin ] --START--
INFO: ReadHtmlCache Behavior ::run [ RunTime:0.000678s ]
INFO: [ app_begin ] --END-- [ RunTime:0.000926s ]
ERR: 无法加载模块:Show

[ 2015-12-03T18:56:13+08:00 ] 127.0.0.1 /HighYan/index.php/Admin/Index
INFO: [ route_check ] --START--
INFO: CheckRoute Behavior ::run [ RunTime:0.000690s ]
INFO: [ route_check ] --END-- [ RunTime:0.000859s ]
INFO: [ app_begin ] --START--
INFO: ReadHtmlCache Behavior ::run [ RunTime:0.000397s ]
INFO: [ app_begin ] --END-- [ RunTime:0.000514s ]
INFO: [ view_parse ] --START--
NOTIC: [8] Undefined index: uid /var/www/HighYan/APP/Runtime/Cache/Admin/535580e01fa8474958b57ba3c83c3fb8.php 第 33 行.
NOTIC: [8] Undefined index: uname /var/www/HighYan/APP/Runtime/Cache/Admin/535580e01fa8474958b57ba3c83c3fb8.php 第 40 行.
NOTIC: [8] Undefined index: uid /var/www/HighYan/APP/Runtime/Cache/Admin/535580e01fa8474958b57ba3c83c3fb8.php 第 44 行.
NOTIC: [8] Undefined index: uname /var/www/HighYan/APP/Runtime/Cache/Admin/535580e01fa8474958b57ba3c83c3fb8.php 第 89 行.
NOTIC: [8] Undefined index: uid /var/www/HighYan/APP/Runtime/Cache/Admin/535580e01fa8474958b57ba3c83c3fb8.php 第 162 行.
NOTIC: [8] Undefined index: uid /var/www/HighYan/APP/Runtime/Cache/Admin/535580e01fa8474958b57ba3c83c3fb8.php 第 163 行.
INFO: ParseTemplate Behavior ::run [ RunTime:0.014509s ]
INFO: [ view_parse ] --END-- [ RunTime:0.014669s ]
INFO: [ view_filter ] --START--
INFO: ContentReplace Behavior ::run [ RunTime:0.000299s ]
INFO: TokenBuild Behavior ::run [ RunTime:0.000300s ]
INFO: WriteHtmlCache Behavior ::run [ RunTime:0.000156s ]
INFO: ShowRuntime Behavior ::run [ RunTime:0.000408s ]
INFO: [ view_filter ] --END-- [ RunTime:0.001470s ]
INFO: [ view_end ] --START--
INFO: ShowPageTrace Behavior ::run [ RunTime:0.000441s ]
INFO: [ view_end ] --END-- [ RunTime:0.000559s ]

[ 2015-12-03T18:56:13+08:00 ] 127.0.0.1 /HighYan/index.php/Admin/Index/home
INFO: [ route_check ] --START--
INFO: CheckRoute Behavior ::run [ RunTime:0.000615s ]
INFO: [ route_check ] --END-- [ RunTime:0.000767s ]
INFO: [ app_begin ] --START--
INFO: ReadHtmlCache Behavior ::run [ RunTime:0.000423s ]
INFO: [ app_begin ] --END-- [ RunTime:0.000550s ]
INFO: [ view_parse ] --START--
NOTIC: [8] Undefined index: uname /var/www/HighYan/APP/Runtime/Cache/Admin/167d63cc805ee767a3764a5ddeed5aeb.php 第 24 行.
NOTIC: [8] Undefined index: uname /var/www/HighYan/APP/Runtime/Cache/Admin/167d63cc805ee767a3764a5ddeed5aeb.php 第 25 行.
INFO: ParseTemplate Behavior ::run [ RunTime:0.008591s ]
INFO: [ view_parse ] --END-- [ RunTime:0.008727s ]
INFO: [ view_filter ] --START--
INFO: ContentReplace Behavior ::run [ RunTime:0.000299s ]
INFO: TokenBuild Behavior ::run [ RunTime:0.000296s ]
INFO: WriteHtmlCache Behavior ::run [ RunTime:0.000141s ]
INFO: ShowRuntime Behavior ::run [ RunTime:0.000367s ]
INFO: [ view_filter ] --END-- [ RunTime:0.001404s ]
INFO: [ view_end ] --START--
INFO: ShowPageTrace Behavior ::run [ RunTime:0.000438s ]
INFO: [ view_end ] --END-- [ RunTime:0.000566s ]

[ 2015-12-03T18:56:13+08:00 ] 127.0.0.1 /HighYan/index.php/Admin/Index/home
INFO: [ route_check ] --START--
INFO: CheckRoute Behavior ::run [ RunTime:0.000587s ]
INFO: [ route_check ] --END-- [ RunTime:0.000724s ]
INFO: [ app_begin ] --START--
INFO: ReadHtmlCache Behavior ::run [ RunTime:0.000407s ]
INFO: [ app_begin ] --END-- [ RunTime:0.000529s ]
INFO: [ view_parse ] --START--
NOTIC: [8] Undefined index: uname /var/www/HighYan/APP/Runtime/Cache/Admin/167d63cc805ee767a3764a5ddeed5aeb.php 第 24 行.
NOTIC: [8] Undefined index: uname /var/www/HighYan/APP/Runtime/Cache/Admin/167d63cc805ee767a3764a5ddeed5aeb.php 第 25 行.
INFO: ParseTemplate Behavior ::run [ RunTime:0.009134s ]
INFO: [ view_parse ] --END-- [ RunTime:0.009273s ]
INFO: [ view_filter ] --START--
INFO: ContentReplace Behavior ::run [ RunTime:0.000293s ]
INFO: TokenBuild Behavior ::run [ RunTime:0.000294s ]
INFO: WriteHtmlCache Behavior ::run [ RunTime:0.000139s ]
INFO: ShowRuntime Behavior ::run [ RunTime:0.000371s ]
INFO: [ view_filter ] --END-- [ RunTime:0.001401s ]
INFO: [ view_end ] --START--
INFO: ShowPageTrace Behavior ::run [ RunTime:0.000448s ]
INFO: [ view_end ] --END-- [ RunTime:0.000579s ]

