[ 2015-12-06T13:59:21+08:00 ] 10.202.108.10 /HighYan/
INFO: [ app_begin ] --START--
INFO: ReadHtmlCache Behavior ::run [ RunTime:0.012508s ]
INFO: [ app_begin ] --END-- [ RunTime:0.012705s ]
INFO: [ view_parse ] --START--
INFO: ParseTemplate Behavior ::run [ RunTime:0.085792s ]
INFO: [ view_parse ] --END-- [ RunTime:0.085933s ]
INFO: [ view_filter ] --START--
INFO: ContentReplace Behavior ::run [ RunTime:0.012685s ]
INFO: TokenBuild Behavior ::run [ RunTime:0.004073s ]
INFO: WriteHtmlCache Behavior ::run [ RunTime:0.000742s ]
INFO: ShowRuntime Behavior ::run [ RunTime:0.001210s ]
INFO: [ view_filter ] --END-- [ RunTime:0.019040s ]
INFO: [ view_end ] --START--
INFO: ShowPageTrace Behavior ::run [ RunTime:0.019261s ]
INFO: [ view_end ] --END-- [ RunTime:0.019399s ]

[ 2015-12-06T13:59:35+08:00 ] 10.202.108.10 /HighYan/index.php/Admin
INFO: [ route_check ] --START--
INFO: CheckRoute Behavior ::run [ RunTime:0.023138s ]
INFO: [ route_check ] --END-- [ RunTime:0.023296s ]
INFO: [ app_begin ] --START--
INFO: ReadHtmlCache Behavior ::run [ RunTime:0.000396s ]
INFO: [ app_begin ] --END-- [ RunTime:0.000514s ]
INFO: [ view_parse ] --START--
NOTIC: [8] Undefined index: uid /var/www/HighYan/APP/Runtime/Cache/Admin/535580e01fa8474958b57ba3c83c3fb8.php 第 33 行.
NOTIC: [8] Undefined index: uname /var/www/HighYan/APP/Runtime/Cache/Admin/535580e01fa8474958b57ba3c83c3fb8.php 第 40 行.
NOTIC: [8] Undefined index: uid /var/www/HighYan/APP/Runtime/Cache/Admin/535580e01fa8474958b57ba3c83c3fb8.php 第 44 行.
NOTIC: [8] Undefined index: uname /var/www/HighYan/APP/Runtime/Cache/Admin/535580e01fa8474958b57ba3c83c3fb8.php 第 89 行.
NOTIC: [8] Undefined index: uid /var/www/HighYan/APP/Runtime/Cache/Admin/535580e01fa8474958b57ba3c83c3fb8.php 第 162 行.
NOTIC: [8] Undefined index: uid /var/www/HighYan/APP/Runtime/Cache/Admin/535580e01fa8474958b57ba3c83c3fb8.php 第 163 行.
INFO: ParseTemplate Behavior ::run [ RunTime:0.029495s ]
INFO: [ view_parse ] --END-- [ RunTime:0.029667s ]
INFO: [ view_filter ] --START--
INFO: ContentReplace Behavior ::run [ RunTime:0.000320s ]
INFO: TokenBuild Behavior ::run [ RunTime:0.000294s ]
INFO: WriteHtmlCache Behavior ::run [ RunTime:0.000144s ]
INFO: ShowRuntime Behavior ::run [ RunTime:0.000384s ]
INFO: [ view_filter ] --END-- [ RunTime:0.001448s ]
INFO: [ view_end ] --START--
INFO: ShowPageTrace Behavior ::run [ RunTime:0.000429s ]
INFO: [ view_end ] --END-- [ RunTime:0.000546s ]

[ 2015-12-06T13:59:36+08:00 ] 10.202.108.10 /HighYan/index.php/Admin/Index/home
INFO: [ route_check ] --START--
INFO: CheckRoute Behavior ::run [ RunTime:0.000701s ]
INFO: [ route_check ] --END-- [ RunTime:0.000861s ]
INFO: [ app_begin ] --START--
INFO: ReadHtmlCache Behavior ::run [ RunTime:0.000398s ]
INFO: [ app_begin ] --END-- [ RunTime:0.000515s ]
INFO: [ view_parse ] --START--
NOTIC: [8] Undefined index: uname /var/www/HighYan/APP/Runtime/Cache/Admin/167d63cc805ee767a3764a5ddeed5aeb.php 第 24 行.
NOTIC: [8] Undefined index: uname /var/www/HighYan/APP/Runtime/Cache/Admin/167d63cc805ee767a3764a5ddeed5aeb.php 第 25 行.
INFO: ParseTemplate Behavior ::run [ RunTime:0.034321s ]
INFO: [ view_parse ] --END-- [ RunTime:0.034481s ]
INFO: [ view_filter ] --START--
INFO: ContentReplace Behavior ::run [ RunTime:0.000387s ]
INFO: TokenBuild Behavior ::run [ RunTime:0.000428s ]
INFO: WriteHtmlCache Behavior ::run [ RunTime:0.000210s ]
INFO: ShowRuntime Behavior ::run [ RunTime:0.000556s ]
INFO: [ view_filter ] --END-- [ RunTime:0.002036s ]
INFO: [ view_end ] --START--
INFO: ShowPageTrace Behavior ::run [ RunTime:0.000640s ]
INFO: [ view_end ] --END-- [ RunTime:0.000847s ]

[ 2015-12-06T13:59:36+08:00 ] 10.202.108.10 /HighYan/index.php/Admin/Index/home
INFO: [ route_check ] --START--
INFO: CheckRoute Behavior ::run [ RunTime:0.000674s ]
INFO: [ route_check ] --END-- [ RunTime:0.000834s ]
INFO: [ app_begin ] --START--
INFO: ReadHtmlCache Behavior ::run [ RunTime:0.000396s ]
INFO: [ app_begin ] --END-- [ RunTime:0.000512s ]
INFO: [ view_parse ] --START--
NOTIC: [8] Undefined index: uname /var/www/HighYan/APP/Runtime/Cache/Admin/167d63cc805ee767a3764a5ddeed5aeb.php 第 24 行.
NOTIC: [8] Undefined index: uname /var/www/HighYan/APP/Runtime/Cache/Admin/167d63cc805ee767a3764a5ddeed5aeb.php 第 25 行.
INFO: ParseTemplate Behavior ::run [ RunTime:0.008898s ]
INFO: [ view_parse ] --END-- [ RunTime:0.009025s ]
INFO: [ view_filter ] --START--
INFO: ContentReplace Behavior ::run [ RunTime:0.000268s ]
INFO: TokenBuild Behavior ::run [ RunTime:0.000310s ]
INFO: WriteHtmlCache Behavior ::run [ RunTime:0.000141s ]
INFO: ShowRuntime Behavior ::run [ RunTime:0.000379s ]
INFO: [ view_filter ] --END-- [ RunTime:0.001404s ]
INFO: [ view_end ] --START--
INFO: ShowPageTrace Behavior ::run [ RunTime:0.000434s ]
INFO: [ view_end ] --END-- [ RunTime:0.000559s ]

[ 2015-12-06T14:02:35+08:00 ] 10.202.108.10 /HighYan/index.php/Admin/Msg/msg
INFO: [ route_check ] --START--
INFO: CheckRoute Behavior ::run [ RunTime:0.000645s ]
INFO: [ route_check ] --END-- [ RunTime:0.000799s ]
INFO: [ app_begin ] --START--
INFO: ReadHtmlCache Behavior ::run [ RunTime:0.000396s ]
INFO: [ app_begin ] --END-- [ RunTime:0.000512s ]
ERR: 无法加载模块:Msg

[ 2015-12-06T14:02:37+08:00 ] 10.202.108.10 /HighYan/index.php/Admin/Show/user
INFO: [ route_check ] --START--
INFO: CheckRoute Behavior ::run [ RunTime:0.000998s ]
INFO: [ route_check ] --END-- [ RunTime:0.001219s ]
INFO: [ app_begin ] --START--
INFO: ReadHtmlCache Behavior ::run [ RunTime:0.000684s ]
INFO: [ app_begin ] --END-- [ RunTime:0.000897s ]
ERR: 无法加载模块:Show

[ 2015-12-06T14:02:38+08:00 ] 10.202.108.10 /HighYan/index.php/Admin/Paper/paper
INFO: [ route_check ] --START--
INFO: CheckRoute Behavior ::run [ RunTime:0.000990s ]
INFO: [ route_check ] --END-- [ RunTime:0.001207s ]
INFO: [ app_begin ] --START--
INFO: ReadHtmlCache Behavior ::run [ RunTime:0.000671s ]
INFO: [ app_begin ] --END-- [ RunTime:0.000872s ]
ERR: 无法加载模块:Paper

[ 2015-12-06T14:02:39+08:00 ] 10.202.108.10 /HighYan/index.php/Admin/Project/project
INFO: [ route_check ] --START--
INFO: CheckRoute Behavior ::run [ RunTime:0.000862s ]
INFO: [ route_check ] --END-- [ RunTime:0.001035s ]
INFO: [ app_begin ] --START--
INFO: ReadHtmlCache Behavior ::run [ RunTime:0.000389s ]
INFO: [ app_begin ] --END-- [ RunTime:0.000504s ]
ERR: 无法加载模块:Project

[ 2015-12-06T14:02:40+08:00 ] 10.202.108.10 /HighYan/index.php/Admin/Facility/facility
INFO: [ route_check ] --START--
INFO: CheckRoute Behavior ::run [ RunTime:0.000989s ]
INFO: [ route_check ] --END-- [ RunTime:0.001206s ]
INFO: [ app_begin ] --START--
INFO: ReadHtmlCache Behavior ::run [ RunTime:0.000673s ]
INFO: [ app_begin ] --END-- [ RunTime:0.000876s ]
ERR: 无法加载模块:Facility

[ 2015-12-06T14:02:40+08:00 ] 10.202.108.10 /HighYan/index.php/Admin/Index/changepwd
INFO: [ route_check ] --START--
INFO: CheckRoute Behavior ::run [ RunTime:0.000983s ]
INFO: [ route_check ] --END-- [ RunTime:0.001201s ]
INFO: [ app_begin ] --START--
INFO: ReadHtmlCache Behavior ::run [ RunTime:0.000389s ]
INFO: [ app_begin ] --END-- [ RunTime:0.000486s ]
ERR: 非法操作:changepwd

[ 2015-12-06T14:02:43+08:00 ] 10.202.108.10 /HighYan/index.php/Admin/Index/help
INFO: [ route_check ] --START--
INFO: CheckRoute Behavior ::run [ RunTime:0.000625s ]
INFO: [ route_check ] --END-- [ RunTime:0.000778s ]
INFO: [ app_begin ] --START--
INFO: ReadHtmlCache Behavior ::run [ RunTime:0.000390s ]
INFO: [ app_begin ] --END-- [ RunTime:0.000506s ]
ERR: 非法操作:help

[ 2015-12-06T14:06:01+08:00 ] 10.202.108.10 /HighYan/index.php/Admin
INFO: [ route_check ] --START--
INFO: CheckRoute Behavior ::run [ RunTime:0.000587s ]
INFO: [ route_check ] --END-- [ RunTime:0.000728s ]
INFO: [ app_begin ] --START--
INFO: ReadHtmlCache Behavior ::run [ RunTime:0.000396s ]
INFO: [ app_begin ] --END-- [ RunTime:0.000513s ]
INFO: [ view_parse ] --START--
NOTIC: [8] Undefined index: uid /var/www/HighYan/APP/Runtime/Cache/Admin/535580e01fa8474958b57ba3c83c3fb8.php 第 33 行.
NOTIC: [8] Undefined index: uname /var/www/HighYan/APP/Runtime/Cache/Admin/535580e01fa8474958b57ba3c83c3fb8.php 第 40 行.
NOTIC: [8] Undefined index: uid /var/www/HighYan/APP/Runtime/Cache/Admin/535580e01fa8474958b57ba3c83c3fb8.php 第 44 行.
NOTIC: [8] Undefined index: uname /var/www/HighYan/APP/Runtime/Cache/Admin/535580e01fa8474958b57ba3c83c3fb8.php 第 89 行.
NOTIC: [8] Undefined index: uid /var/www/HighYan/APP/Runtime/Cache/Admin/535580e01fa8474958b57ba3c83c3fb8.php 第 162 行.
NOTIC: [8] Undefined index: uid /var/www/HighYan/APP/Runtime/Cache/Admin/535580e01fa8474958b57ba3c83c3fb8.php 第 163 行.
INFO: ParseTemplate Behavior ::run [ RunTime:0.013847s ]
INFO: [ view_parse ] --END-- [ RunTime:0.013971s ]
INFO: [ view_filter ] --START--
INFO: ContentReplace Behavior ::run [ RunTime:0.000280s ]
INFO: TokenBuild Behavior ::run [ RunTime:0.000288s ]
INFO: WriteHtmlCache Behavior ::run [ RunTime:0.000141s ]
INFO: ShowRuntime Behavior ::run [ RunTime:0.000374s ]
INFO: [ view_filter ] --END-- [ RunTime:0.001385s ]
INFO: [ view_end ] --START--
INFO: ShowPageTrace Behavior ::run [ RunTime:0.000418s ]
INFO: [ view_end ] --END-- [ RunTime:0.000536s ]

[ 2015-12-06T14:06:01+08:00 ] 10.202.108.10 /HighYan/index.php/Admin/Index/home
INFO: [ route_check ] --START--
INFO: CheckRoute Behavior ::run [ RunTime:0.000625s ]
INFO: [ route_check ] --END-- [ RunTime:0.000784s ]
INFO: [ app_begin ] --START--
INFO: ReadHtmlCache Behavior ::run [ RunTime:0.000393s ]
INFO: [ app_begin ] --END-- [ RunTime:0.000511s ]
INFO: [ view_parse ] --START--
NOTIC: [8] Undefined index: uname /var/www/HighYan/APP/Runtime/Cache/Admin/167d63cc805ee767a3764a5ddeed5aeb.php 第 24 行.
NOTIC: [8] Undefined index: uname /var/www/HighYan/APP/Runtime/Cache/Admin/167d63cc805ee767a3764a5ddeed5aeb.php 第 25 行.
INFO: ParseTemplate Behavior ::run [ RunTime:0.008948s ]
INFO: [ view_parse ] --END-- [ RunTime:0.009073s ]
INFO: [ view_filter ] --START--
INFO: ContentReplace Behavior ::run [ RunTime:0.000266s ]
INFO: TokenBuild Behavior ::run [ RunTime:0.000290s ]
INFO: WriteHtmlCache Behavior ::run [ RunTime:0.000141s ]
INFO: ShowRuntime Behavior ::run [ RunTime:0.000374s ]
INFO: [ view_filter ] --END-- [ RunTime:0.001376s ]
INFO: [ view_end ] --START--
INFO: ShowPageTrace Behavior ::run [ RunTime:0.000434s ]
INFO: [ view_end ] --END-- [ RunTime:0.000559s ]

[ 2015-12-06T14:06:01+08:00 ] 10.202.108.10 /HighYan/index.php/Admin/Index/home
INFO: [ route_check ] --START--
INFO: CheckRoute Behavior ::run [ RunTime:0.000613s ]
INFO: [ route_check ] --END-- [ RunTime:0.000766s ]
INFO: [ app_begin ] --START--
INFO: ReadHtmlCache Behavior ::run [ RunTime:0.000390s ]
INFO: [ app_begin ] --END-- [ RunTime:0.000506s ]
INFO: [ view_parse ] --START--
NOTIC: [8] Undefined index: uname /var/www/HighYan/APP/Runtime/Cache/Admin/167d63cc805ee767a3764a5ddeed5aeb.php 第 24 行.
NOTIC: [8] Undefined index: uname /var/www/HighYan/APP/Runtime/Cache/Admin/167d63cc805ee767a3764a5ddeed5aeb.php 第 25 行.
INFO: ParseTemplate Behavior ::run [ RunTime:0.009017s ]
INFO: [ view_parse ] --END-- [ RunTime:0.009147s ]
INFO: [ view_filter ] --START--
INFO: ContentReplace Behavior ::run [ RunTime:0.000290s ]
INFO: TokenBuild Behavior ::run [ RunTime:0.000298s ]
INFO: WriteHtmlCache Behavior ::run [ RunTime:0.000150s ]
INFO: ShowRuntime Behavior ::run [ RunTime:0.000380s ]
INFO: [ view_filter ] --END-- [ RunTime:0.001423s ]
INFO: [ view_end ] --START--
INFO: ShowPageTrace Behavior ::run [ RunTime:0.000438s ]
INFO: [ view_end ] --END-- [ RunTime:0.000563s ]

[ 2015-12-06T14:06:02+08:00 ] 10.202.108.10 /HighYan/index.php/Admin
INFO: [ route_check ] --START--
INFO: CheckRoute Behavior ::run [ RunTime:0.000994s ]
INFO: [ route_check ] --END-- [ RunTime:0.001222s ]
INFO: [ app_begin ] --START--
INFO: ReadHtmlCache Behavior ::run [ RunTime:0.000390s ]
INFO: [ app_begin ] --END-- [ RunTime:0.000505s ]
INFO: [ view_parse ] --START--
NOTIC: [8] Undefined index: uid /var/www/HighYan/APP/Runtime/Cache/Admin/535580e01fa8474958b57ba3c83c3fb8.php 第 33 行.
NOTIC: [8] Undefined index: uname /var/www/HighYan/APP/Runtime/Cache/Admin/535580e01fa8474958b57ba3c83c3fb8.php 第 40 行.
NOTIC: [8] Undefined index: uid /var/www/HighYan/APP/Runtime/Cache/Admin/535580e01fa8474958b57ba3c83c3fb8.php 第 44 行.
NOTIC: [8] Undefined index: uname /var/www/HighYan/APP/Runtime/Cache/Admin/535580e01fa8474958b57ba3c83c3fb8.php 第 89 行.
NOTIC: [8] Undefined index: uid /var/www/HighYan/APP/Runtime/Cache/Admin/535580e01fa8474958b57ba3c83c3fb8.php 第 162 行.
NOTIC: [8] Undefined index: uid /var/www/HighYan/APP/Runtime/Cache/Admin/535580e01fa8474958b57ba3c83c3fb8.php 第 163 行.
INFO: ParseTemplate Behavior ::run [ RunTime:0.013804s ]
INFO: [ view_parse ] --END-- [ RunTime:0.013929s ]
INFO: [ view_filter ] --START--
INFO: ContentReplace Behavior ::run [ RunTime:0.000283s ]
INFO: TokenBuild Behavior ::run [ RunTime:0.000284s ]
INFO: WriteHtmlCache Behavior ::run [ RunTime:0.000140s ]
INFO: ShowRuntime Behavior ::run [ RunTime:0.000368s ]
INFO: [ view_filter ] --END-- [ RunTime:0.001376s ]
INFO: [ view_end ] --START--
INFO: ShowPageTrace Behavior ::run [ RunTime:0.000455s ]
INFO: [ view_end ] --END-- [ RunTime:0.000581s ]

[ 2015-12-06T14:06:02+08:00 ] 10.202.108.10 /HighYan/index.php/Admin/Index/home
INFO: [ route_check ] --START--
INFO: CheckRoute Behavior ::run [ RunTime:0.000998s ]
INFO: [ route_check ] --END-- [ RunTime:0.001227s ]
INFO: [ app_begin ] --START--
INFO: ReadHtmlCache Behavior ::run [ RunTime:0.000389s ]
INFO: [ app_begin ] --END-- [ RunTime:0.000506s ]
INFO: [ view_parse ] --START--
NOTIC: [8] Undefined index: uname /var/www/HighYan/APP/Runtime/Cache/Admin/167d63cc805ee767a3764a5ddeed5aeb.php 第 24 行.
NOTIC: [8] Undefined index: uname /var/www/HighYan/APP/Runtime/Cache/Admin/167d63cc805ee767a3764a5ddeed5aeb.php 第 25 行.
INFO: ParseTemplate Behavior ::run [ RunTime:0.008374s ]
INFO: [ view_parse ] --END-- [ RunTime:0.008498s ]
INFO: [ view_filter ] --START--
INFO: ContentReplace Behavior ::run [ RunTime:0.000261s ]
INFO: TokenBuild Behavior ::run [ RunTime:0.000291s ]
INFO: WriteHtmlCache Behavior ::run [ RunTime:0.000140s ]
INFO: ShowRuntime Behavior ::run [ RunTime:0.000374s ]
INFO: [ view_filter ] --END-- [ RunTime:0.001369s ]
INFO: [ view_end ] --START--
INFO: ShowPageTrace Behavior ::run [ RunTime:0.000452s ]
INFO: [ view_end ] --END-- [ RunTime:0.000577s ]

[ 2015-12-06T14:06:02+08:00 ] 10.202.108.10 /HighYan/index.php/Admin/Index/home
INFO: [ route_check ] --START--
INFO: CheckRoute Behavior ::run [ RunTime:0.000997s ]
INFO: [ route_check ] --END-- [ RunTime:0.001218s ]
INFO: [ app_begin ] --START--
INFO: ReadHtmlCache Behavior ::run [ RunTime:0.000671s ]
INFO: [ app_begin ] --END-- [ RunTime:0.000872s ]
INFO: [ view_parse ] --START--
NOTIC: [8] Undefined index: uname /var/www/HighYan/APP/Runtime/Cache/Admin/167d63cc805ee767a3764a5ddeed5aeb.php 第 24 行.
NOTIC: [8] Undefined index: uname /var/www/HighYan/APP/Runtime/Cache/Admin/167d63cc805ee767a3764a5ddeed5aeb.php 第 25 行.
INFO: ParseTemplate Behavior ::run [ RunTime:0.010501s ]
INFO: [ view_parse ] --END-- [ RunTime:0.010675s ]
INFO: [ view_filter ] --START--
INFO: ContentReplace Behavior ::run [ RunTime:0.000315s ]
INFO: TokenBuild Behavior ::run [ RunTime:0.000311s ]
INFO: WriteHtmlCache Behavior ::run [ RunTime:0.000141s ]
INFO: ShowRuntime Behavior ::run [ RunTime:0.000375s ]
INFO: [ view_filter ] --END-- [ RunTime:0.001453s ]
INFO: [ view_end ] --START--
INFO: ShowPageTrace Behavior ::run [ RunTime:0.000471s ]
INFO: [ view_end ] --END-- [ RunTime:0.000604s ]

[ 2015-12-06T14:09:24+08:00 ] 10.202.108.10 /HighYan/index.php/Admin
INFO: [ route_check ] --START--
INFO: CheckRoute Behavior ::run [ RunTime:0.000620s ]
INFO: [ route_check ] --END-- [ RunTime:0.000771s ]
INFO: [ app_begin ] --START--
INFO: ReadHtmlCache Behavior ::run [ RunTime:0.000392s ]
INFO: [ app_begin ] --END-- [ RunTime:0.000507s ]
INFO: [ view_parse ] --START--
NOTIC: [8] Undefined index: uid /var/www/HighYan/APP/Runtime/Cache/Admin/535580e01fa8474958b57ba3c83c3fb8.php 第 33 行.
NOTIC: [8] Undefined index: uname /var/www/HighYan/APP/Runtime/Cache/Admin/535580e01fa8474958b57ba3c83c3fb8.php 第 40 行.
NOTIC: [8] Undefined index: uid /var/www/HighYan/APP/Runtime/Cache/Admin/535580e01fa8474958b57ba3c83c3fb8.php 第 44 行.
NOTIC: [8] Undefined index: uname /var/www/HighYan/APP/Runtime/Cache/Admin/535580e01fa8474958b57ba3c83c3fb8.php 第 89 行.
NOTIC: [8] Undefined index: uid /var/www/HighYan/APP/Runtime/Cache/Admin/535580e01fa8474958b57ba3c83c3fb8.php 第 162 行.
NOTIC: [8] Undefined index: uid /var/www/HighYan/APP/Runtime/Cache/Admin/535580e01fa8474958b57ba3c83c3fb8.php 第 163 行.
INFO: ParseTemplate Behavior ::run [ RunTime:0.014349s ]
INFO: [ view_parse ] --END-- [ RunTime:0.014475s ]
INFO: [ view_filter ] --START--
INFO: ContentReplace Behavior ::run [ RunTime:0.000290s ]
INFO: TokenBuild Behavior ::run [ RunTime:0.000285s ]
INFO: WriteHtmlCache Behavior ::run [ RunTime:0.000140s ]
INFO: ShowRuntime Behavior ::run [ RunTime:0.000377s ]
INFO: [ view_filter ] --END-- [ RunTime:0.001397s ]
INFO: [ view_end ] --START--
INFO: ShowPageTrace Behavior ::run [ RunTime:0.000423s ]
INFO: [ view_end ] --END-- [ RunTime:0.000542s ]

[ 2015-12-06T14:09:24+08:00 ] 10.202.108.10 /HighYan/index.php/Admin/Index/home
INFO: [ route_check ] --START--
INFO: CheckRoute Behavior ::run [ RunTime:0.000588s ]
INFO: [ route_check ] --END-- [ RunTime:0.000723s ]
INFO: [ app_begin ] --START--
INFO: ReadHtmlCache Behavior ::run [ RunTime:0.000389s ]
INFO: [ app_begin ] --END-- [ RunTime:0.000506s ]
INFO: [ view_parse ] --START--
NOTIC: [8] Undefined index: uname /var/www/HighYan/APP/Runtime/Cache/Admin/167d63cc805ee767a3764a5ddeed5aeb.php 第 24 行.
NOTIC: [8] Undefined index: uname /var/www/HighYan/APP/Runtime/Cache/Admin/167d63cc805ee767a3764a5ddeed5aeb.php 第 25 行.
INFO: ParseTemplate Behavior ::run [ RunTime:0.008450s ]
INFO: [ view_parse ] --END-- [ RunTime:0.008574s ]
INFO: [ view_filter ] --START--
INFO: ContentReplace Behavior ::run [ RunTime:0.000269s ]
INFO: TokenBuild Behavior ::run [ RunTime:0.000295s ]
INFO: WriteHtmlCache Behavior ::run [ RunTime:0.000147s ]
INFO: ShowRuntime Behavior ::run [ RunTime:0.000378s ]
INFO: [ view_filter ] --END-- [ RunTime:0.001396s ]
INFO: [ view_end ] --START--
INFO: ShowPageTrace Behavior ::run [ RunTime:0.000442s ]
INFO: [ view_end ] --END-- [ RunTime:0.000567s ]

[ 2015-12-06T14:09:25+08:00 ] 10.202.108.10 /HighYan/index.php/Admin/Index/home
INFO: [ route_check ] --START--
INFO: CheckRoute Behavior ::run [ RunTime:0.000581s ]
INFO: [ route_check ] --END-- [ RunTime:0.000718s ]
INFO: [ app_begin ] --START--
INFO: ReadHtmlCache Behavior ::run [ RunTime:0.000394s ]
INFO: [ app_begin ] --END-- [ RunTime:0.000509s ]
INFO: [ view_parse ] --START--
NOTIC: [8] Undefined index: uname /var/www/HighYan/APP/Runtime/Cache/Admin/167d63cc805ee767a3764a5ddeed5aeb.php 第 24 行.
NOTIC: [8] Undefined index: uname /var/www/HighYan/APP/Runtime/Cache/Admin/167d63cc805ee767a3764a5ddeed5aeb.php 第 25 行.
INFO: ParseTemplate Behavior ::run [ RunTime:0.008251s ]
INFO: [ view_parse ] --END-- [ RunTime:0.008372s ]
INFO: [ view_filter ] --START--
INFO: ContentReplace Behavior ::run [ RunTime:0.000262s ]
INFO: TokenBuild Behavior ::run [ RunTime:0.000286s ]
INFO: WriteHtmlCache Behavior ::run [ RunTime:0.000138s ]
INFO: ShowRuntime Behavior ::run [ RunTime:0.000367s ]
INFO: [ view_filter ] --END-- [ RunTime:0.001351s ]
INFO: [ view_end ] --START--
INFO: ShowPageTrace Behavior ::run [ RunTime:0.000422s ]
INFO: [ view_end ] --END-- [ RunTime:0.000546s ]

[ 2015-12-06T14:09:26+08:00 ] 10.202.108.10 /HighYan/index.php/Admin
INFO: [ route_check ] --START--
INFO: CheckRoute Behavior ::run [ RunTime:0.000586s ]
INFO: [ route_check ] --END-- [ RunTime:0.000716s ]
INFO: [ app_begin ] --START--
INFO: ReadHtmlCache Behavior ::run [ RunTime:0.000390s ]
INFO: [ app_begin ] --END-- [ RunTime:0.000508s ]
INFO: [ view_parse ] --START--
NOTIC: [8] Undefined index: uid /var/www/HighYan/APP/Runtime/Cache/Admin/535580e01fa8474958b57ba3c83c3fb8.php 第 33 行.
NOTIC: [8] Undefined index: uname /var/www/HighYan/APP/Runtime/Cache/Admin/535580e01fa8474958b57ba3c83c3fb8.php 第 40 行.
NOTIC: [8] Undefined index: uid /var/www/HighYan/APP/Runtime/Cache/Admin/535580e01fa8474958b57ba3c83c3fb8.php 第 44 行.
NOTIC: [8] Undefined index: uname /var/www/HighYan/APP/Runtime/Cache/Admin/535580e01fa8474958b57ba3c83c3fb8.php 第 89 行.
NOTIC: [8] Undefined index: uid /var/www/HighYan/APP/Runtime/Cache/Admin/535580e01fa8474958b57ba3c83c3fb8.php 第 162 行.
NOTIC: [8] Undefined index: uid /var/www/HighYan/APP/Runtime/Cache/Admin/535580e01fa8474958b57ba3c83c3fb8.php 第 163 行.
INFO: ParseTemplate Behavior ::run [ RunTime:0.014271s ]
INFO: [ view_parse ] --END-- [ RunTime:0.014396s ]
INFO: [ view_filter ] --START--
INFO: ContentReplace Behavior ::run [ RunTime:0.000288s ]
INFO: TokenBuild Behavior ::run [ RunTime:0.000293s ]
INFO: WriteHtmlCache Behavior ::run [ RunTime:0.000147s ]
INFO: ShowRuntime Behavior ::run [ RunTime:0.000376s ]
INFO: [ view_filter ] --END-- [ RunTime:0.001405s ]
INFO: [ view_end ] --START--
INFO: ShowPageTrace Behavior ::run [ RunTime:0.000425s ]
INFO: [ view_end ] --END-- [ RunTime:0.000541s ]

[ 2015-12-06T14:09:26+08:00 ] 10.202.108.10 /HighYan/index.php/Admin/Index/home
INFO: [ route_check ] --START--
INFO: CheckRoute Behavior ::run [ RunTime:0.000595s ]
INFO: [ route_check ] --END-- [ RunTime:0.000734s ]
INFO: [ app_begin ] --START--
INFO: ReadHtmlCache Behavior ::run [ RunTime:0.000390s ]
INFO: [ app_begin ] --END-- [ RunTime:0.000506s ]
INFO: [ view_parse ] --START--
NOTIC: [8] Undefined index: uname /var/www/HighYan/APP/Runtime/Cache/Admin/167d63cc805ee767a3764a5ddeed5aeb.php 第 24 行.
NOTIC: [8] Undefined index: uname /var/www/HighYan/APP/Runtime/Cache/Admin/167d63cc805ee767a3764a5ddeed5aeb.php 第 25 行.
INFO: ParseTemplate Behavior ::run [ RunTime:0.008595s ]
INFO: [ view_parse ] --END-- [ RunTime:0.008721s ]
INFO: [ view_filter ] --START--
INFO: ContentReplace Behavior ::run [ RunTime:0.000269s ]
INFO: TokenBuild Behavior ::run [ RunTime:0.000299s ]
INFO: WriteHtmlCache Behavior ::run [ RunTime:0.000148s ]
INFO: ShowRuntime Behavior ::run [ RunTime:0.000376s ]
INFO: [ view_filter ] --END-- [ RunTime:0.001394s ]
INFO: [ view_end ] --START--
INFO: ShowPageTrace Behavior ::run [ RunTime:0.000433s ]
INFO: [ view_end ] --END-- [ RunTime:0.000558s ]

[ 2015-12-06T14:09:26+08:00 ] 10.202.108.10 /HighYan/index.php/Admin/Index/home
INFO: [ route_check ] --START--
INFO: CheckRoute Behavior ::run [ RunTime:0.000584s ]
INFO: [ route_check ] --END-- [ RunTime:0.000716s ]
INFO: [ app_begin ] --START--
INFO: ReadHtmlCache Behavior ::run [ RunTime:0.000385s ]
INFO: [ app_begin ] --END-- [ RunTime:0.000501s ]
INFO: [ view_parse ] --START--
NOTIC: [8] Undefined index: uname /var/www/HighYan/APP/Runtime/Cache/Admin/167d63cc805ee767a3764a5ddeed5aeb.php 第 24 行.
NOTIC: [8] Undefined index: uname /var/www/HighYan/APP/Runtime/Cache/Admin/167d63cc805ee767a3764a5ddeed5aeb.php 第 25 行.
INFO: ParseTemplate Behavior ::run [ RunTime:0.008349s ]
INFO: [ view_parse ] --END-- [ RunTime:0.008472s ]
INFO: [ view_filter ] --START--
INFO: ContentReplace Behavior ::run [ RunTime:0.000262s ]
INFO: TokenBuild Behavior ::run [ RunTime:0.000293s ]
INFO: WriteHtmlCache Behavior ::run [ RunTime:0.000139s ]
INFO: ShowRuntime Behavior ::run [ RunTime:0.000372s ]
INFO: [ view_filter ] --END-- [ RunTime:0.001369s ]
INFO: [ view_end ] --START--
INFO: ShowPageTrace Behavior ::run [ RunTime:0.000432s ]
INFO: [ view_end ] --END-- [ RunTime:0.000558s ]

[ 2015-12-06T14:09:26+08:00 ] 10.202.108.10 /HighYan/index.php/Admin
INFO: [ route_check ] --START--
INFO: CheckRoute Behavior ::run [ RunTime:0.000598s ]
INFO: [ route_check ] --END-- [ RunTime:0.000732s ]
INFO: [ app_begin ] --START--
INFO: ReadHtmlCache Behavior ::run [ RunTime:0.000388s ]
INFO: [ app_begin ] --END-- [ RunTime:0.000504s ]
INFO: [ view_parse ] --START--
NOTIC: [8] Undefined index: uid /var/www/HighYan/APP/Runtime/Cache/Admin/535580e01fa8474958b57ba3c83c3fb8.php 第 33 行.
NOTIC: [8] Undefined index: uname /var/www/HighYan/APP/Runtime/Cache/Admin/535580e01fa8474958b57ba3c83c3fb8.php 第 40 行.
NOTIC: [8] Undefined index: uid /var/www/HighYan/APP/Runtime/Cache/Admin/535580e01fa8474958b57ba3c83c3fb8.php 第 44 行.
NOTIC: [8] Undefined index: uname /var/www/HighYan/APP/Runtime/Cache/Admin/535580e01fa8474958b57ba3c83c3fb8.php 第 89 行.
NOTIC: [8] Undefined index: uid /var/www/HighYan/APP/Runtime/Cache/Admin/535580e01fa8474958b57ba3c83c3fb8.php 第 162 行.
NOTIC: [8] Undefined index: uid /var/www/HighYan/APP/Runtime/Cache/Admin/535580e01fa8474958b57ba3c83c3fb8.php 第 163 行.
INFO: ParseTemplate Behavior ::run [ RunTime:0.013925s ]
INFO: [ view_parse ] --END-- [ RunTime:0.014061s ]
INFO: [ view_filter ] --START--
INFO: ContentReplace Behavior ::run [ RunTime:0.000304s ]
INFO: TokenBuild Behavior ::run [ RunTime:0.000288s ]
INFO: WriteHtmlCache Behavior ::run [ RunTime:0.000140s ]
INFO: ShowRuntime Behavior ::run [ RunTime:0.000369s ]
INFO: [ view_filter ] --END-- [ RunTime:0.001400s ]
INFO: [ view_end ] --START--
INFO: ShowPageTrace Behavior ::run [ RunTime:0.000417s ]
INFO: [ view_end ] --END-- [ RunTime:0.000534s ]

[ 2015-12-06T14:09:26+08:00 ] 10.202.108.10 /HighYan/index.php/Admin/Index/home
INFO: [ route_check ] --START--
INFO: CheckRoute Behavior ::run [ RunTime:0.000695s ]
INFO: [ route_check ] --END-- [ RunTime:0.000870s ]
INFO: [ app_begin ] --START--
INFO: ReadHtmlCache Behavior ::run [ RunTime:0.000403s ]
INFO: [ app_begin ] --END-- [ RunTime:0.000521s ]
INFO: [ view_parse ] --START--
NOTIC: [8] Undefined index: uname /var/www/HighYan/APP/Runtime/Cache/Admin/167d63cc805ee767a3764a5ddeed5aeb.php 第 24 行.
NOTIC: [8] Undefined index: uname /var/www/HighYan/APP/Runtime/Cache/Admin/167d63cc805ee767a3764a5ddeed5aeb.php 第 25 行.
INFO: ParseTemplate Behavior ::run [ RunTime:0.008901s ]
INFO: [ view_parse ] --END-- [ RunTime:0.009026s ]
INFO: [ view_filter ] --START--
INFO: ContentReplace Behavior ::run [ RunTime:0.000263s ]
INFO: TokenBuild Behavior ::run [ RunTime:0.000288s ]
INFO: WriteHtmlCache Behavior ::run [ RunTime:0.000142s ]
INFO: ShowRuntime Behavior ::run [ RunTime:0.000372s ]
INFO: [ view_filter ] --END-- [ RunTime:0.001369s ]
INFO: [ view_end ] --START--
INFO: ShowPageTrace Behavior ::run [ RunTime:0.000431s ]
INFO: [ view_end ] --END-- [ RunTime:0.000557s ]

[ 2015-12-06T14:09:26+08:00 ] 10.202.108.10 /HighYan/index.php/Admin/Index/home
INFO: [ route_check ] --START--
INFO: CheckRoute Behavior ::run [ RunTime:0.001044s ]
INFO: [ route_check ] --END-- [ RunTime:0.001235s ]
INFO: [ app_begin ] --START--
INFO: ReadHtmlCache Behavior ::run [ RunTime:0.000393s ]
INFO: [ app_begin ] --END-- [ RunTime:0.000512s ]
INFO: [ view_parse ] --START--
NOTIC: [8] Undefined index: uname /var/www/HighYan/APP/Runtime/Cache/Admin/167d63cc805ee767a3764a5ddeed5aeb.php 第 24 行.
NOTIC: [8] Undefined index: uname /var/www/HighYan/APP/Runtime/Cache/Admin/167d63cc805ee767a3764a5ddeed5aeb.php 第 25 行.
INFO: ParseTemplate Behavior ::run [ RunTime:0.008373s ]
INFO: [ view_parse ] --END-- [ RunTime:0.008497s ]
INFO: [ view_filter ] --START--
INFO: ContentReplace Behavior ::run [ RunTime:0.000266s ]
INFO: TokenBuild Behavior ::run [ RunTime:0.000285s ]
INFO: WriteHtmlCache Behavior ::run [ RunTime:0.000139s ]
INFO: ShowRuntime Behavior ::run [ RunTime:0.000408s ]
INFO: [ view_filter ] --END-- [ RunTime:0.001402s ]
INFO: [ view_end ] --START--
INFO: ShowPageTrace Behavior ::run [ RunTime:0.000434s ]
INFO: [ view_end ] --END-- [ RunTime:0.000559s ]

[ 2015-12-06T14:09:26+08:00 ] 10.202.108.10 /HighYan/index.php/Admin
INFO: [ route_check ] --START--
INFO: CheckRoute Behavior ::run [ RunTime:0.000607s ]
INFO: [ route_check ] --END-- [ RunTime:0.000757s ]
INFO: [ app_begin ] --START--
INFO: ReadHtmlCache Behavior ::run [ RunTime:0.000397s ]
INFO: [ app_begin ] --END-- [ RunTime:0.000513s ]
INFO: [ view_parse ] --START--
NOTIC: [8] Undefined index: uid /var/www/HighYan/APP/Runtime/Cache/Admin/535580e01fa8474958b57ba3c83c3fb8.php 第 33 行.
NOTIC: [8] Undefined index: uname /var/www/HighYan/APP/Runtime/Cache/Admin/535580e01fa8474958b57ba3c83c3fb8.php 第 40 行.
NOTIC: [8] Undefined index: uid /var/www/HighYan/APP/Runtime/Cache/Admin/535580e01fa8474958b57ba3c83c3fb8.php 第 44 行.
NOTIC: [8] Undefined index: uname /var/www/HighYan/APP/Runtime/Cache/Admin/535580e01fa8474958b57ba3c83c3fb8.php 第 89 行.
NOTIC: [8] Undefined index: uid /var/www/HighYan/APP/Runtime/Cache/Admin/535580e01fa8474958b57ba3c83c3fb8.php 第 162 行.
NOTIC: [8] Undefined index: uid /var/www/HighYan/APP/Runtime/Cache/Admin/535580e01fa8474958b57ba3c83c3fb8.php 第 163 行.
INFO: ParseTemplate Behavior ::run [ RunTime:0.014752s ]
INFO: [ view_parse ] --END-- [ RunTime:0.014892s ]
INFO: [ view_filter ] --START--
INFO: ContentReplace Behavior ::run [ RunTime:0.000304s ]
INFO: TokenBuild Behavior ::run [ RunTime:0.000290s ]
INFO: WriteHtmlCache Behavior ::run [ RunTime:0.000142s ]
INFO: ShowRuntime Behavior ::run [ RunTime:0.000374s ]
INFO: [ view_filter ] --END-- [ RunTime:0.001414s ]
INFO: [ view_end ] --START--
INFO: ShowPageTrace Behavior ::run [ RunTime:0.000426s ]
INFO: [ view_end ] --END-- [ RunTime:0.000543s ]

[ 2015-12-06T14:09:26+08:00 ] 10.202.108.10 /HighYan/index.php/Admin/Index/home
INFO: [ route_check ] --START--
INFO: CheckRoute Behavior ::run [ RunTime:0.001038s ]
INFO: [ route_check ] --END-- [ RunTime:0.001279s ]
INFO: [ app_begin ] --START--
INFO: ReadHtmlCache Behavior ::run [ RunTime:0.000691s ]
INFO: [ app_begin ] --END-- [ RunTime:0.000895s ]
INFO: [ view_parse ] --START--
NOTIC: [8] Undefined index: uname /var/www/HighYan/APP/Runtime/Cache/Admin/167d63cc805ee767a3764a5ddeed5aeb.php 第 24 行.
NOTIC: [8] Undefined index: uname /var/www/HighYan/APP/Runtime/Cache/Admin/167d63cc805ee767a3764a5ddeed5aeb.php 第 25 行.
INFO: ParseTemplate Behavior ::run [ RunTime:0.008323s ]
INFO: [ view_parse ] --END-- [ RunTime:0.008466s ]
INFO: [ view_filter ] --START--
INFO: ContentReplace Behavior ::run [ RunTime:0.000262s ]
INFO: TokenBuild Behavior ::run [ RunTime:0.000289s ]
INFO: WriteHtmlCache Behavior ::run [ RunTime:0.000139s ]
INFO: ShowRuntime Behavior ::run [ RunTime:0.000377s ]
INFO: [ view_filter ] --END-- [ RunTime:0.001372s ]
INFO: [ view_end ] --START--
INFO: ShowPageTrace Behavior ::run [ RunTime:0.000431s ]
INFO: [ view_end ] --END-- [ RunTime:0.000556s ]

[ 2015-12-06T14:09:26+08:00 ] 10.202.108.10 /HighYan/index.php/Admin/Index/home
INFO: [ route_check ] --START--
INFO: CheckRoute Behavior ::run [ RunTime:0.000992s ]
INFO: [ route_check ] --END-- [ RunTime:0.001210s ]
INFO: [ app_begin ] --START--
INFO: ReadHtmlCache Behavior ::run [ RunTime:0.000670s ]
INFO: [ app_begin ] --END-- [ RunTime:0.000872s ]
INFO: [ view_parse ] --START--
NOTIC: [8] Undefined index: uname /var/www/HighYan/APP/Runtime/Cache/Admin/167d63cc805ee767a3764a5ddeed5aeb.php 第 24 行.
NOTIC: [8] Undefined index: uname /var/www/HighYan/APP/Runtime/Cache/Admin/167d63cc805ee767a3764a5ddeed5aeb.php 第 25 行.
INFO: ParseTemplate Behavior ::run [ RunTime:0.008996s ]
INFO: [ view_parse ] --END-- [ RunTime:0.009162s ]
INFO: [ view_filter ] --START--
INFO: ContentReplace Behavior ::run [ RunTime:0.000266s ]
INFO: TokenBuild Behavior ::run [ RunTime:0.000285s ]
INFO: WriteHtmlCache Behavior ::run [ RunTime:0.000139s ]
INFO: ShowRuntime Behavior ::run [ RunTime:0.000373s ]
INFO: [ view_filter ] --END-- [ RunTime:0.001366s ]
INFO: [ view_end ] --START--
INFO: ShowPageTrace Behavior ::run [ RunTime:0.000433s ]
INFO: [ view_end ] --END-- [ RunTime:0.000558s ]

[ 2015-12-06T14:09:27+08:00 ] 10.202.108.10 /HighYan/index.php/Admin
INFO: [ route_check ] --START--
INFO: CheckRoute Behavior ::run [ RunTime:0.000578s ]
INFO: [ route_check ] --END-- [ RunTime:0.000712s ]
INFO: [ app_begin ] --START--
INFO: ReadHtmlCache Behavior ::run [ RunTime:0.000387s ]
INFO: [ app_begin ] --END-- [ RunTime:0.000503s ]
INFO: [ view_parse ] --START--
NOTIC: [8] Undefined index: uid /var/www/HighYan/APP/Runtime/Cache/Admin/535580e01fa8474958b57ba3c83c3fb8.php 第 33 行.
NOTIC: [8] Undefined index: uname /var/www/HighYan/APP/Runtime/Cache/Admin/535580e01fa8474958b57ba3c83c3fb8.php 第 40 行.
NOTIC: [8] Undefined index: uid /var/www/HighYan/APP/Runtime/Cache/Admin/535580e01fa8474958b57ba3c83c3fb8.php 第 44 行.
NOTIC: [8] Undefined index: uname /var/www/HighYan/APP/Runtime/Cache/Admin/535580e01fa8474958b57ba3c83c3fb8.php 第 89 行.
NOTIC: [8] Undefined index: uid /var/www/HighYan/APP/Runtime/Cache/Admin/535580e01fa8474958b57ba3c83c3fb8.php 第 162 行.
NOTIC: [8] Undefined index: uid /var/www/HighYan/APP/Runtime/Cache/Admin/535580e01fa8474958b57ba3c83c3fb8.php 第 163 行.
INFO: ParseTemplate Behavior ::run [ RunTime:0.013729s ]
INFO: [ view_parse ] --END-- [ RunTime:0.013852s ]
INFO: [ view_filter ] --START--
INFO: ContentReplace Behavior ::run [ RunTime:0.000284s ]
INFO: TokenBuild Behavior ::run [ RunTime:0.000290s ]
INFO: WriteHtmlCache Behavior ::run [ RunTime:0.000145s ]
INFO: ShowRuntime Behavior ::run [ RunTime:0.000373s ]
INFO: [ view_filter ] --END-- [ RunTime:0.001392s ]
INFO: [ view_end ] --START--
INFO: ShowPageTrace Behavior ::run [ RunTime:0.000417s ]
INFO: [ view_end ] --END-- [ RunTime:0.000534s ]

[ 2015-12-06T14:09:27+08:00 ] 10.202.108.10 /HighYan/index.php/Admin/Index/home
INFO: [ route_check ] --START--
INFO: CheckRoute Behavior ::run [ RunTime:0.000582s ]
INFO: [ route_check ] --END-- [ RunTime:0.000718s ]
INFO: [ app_begin ] --START--
INFO: ReadHtmlCache Behavior ::run [ RunTime:0.000400s ]
INFO: [ app_begin ] --END-- [ RunTime:0.000515s ]
INFO: [ view_parse ] --START--
NOTIC: [8] Undefined index: uname /var/www/HighYan/APP/Runtime/Cache/Admin/167d63cc805ee767a3764a5ddeed5aeb.php 第 24 行.
NOTIC: [8] Undefined index: uname /var/www/HighYan/APP/Runtime/Cache/Admin/167d63cc805ee767a3764a5ddeed5aeb.php 第 25 行.
INFO: ParseTemplate Behavior ::run [ RunTime:0.008296s ]
INFO: [ view_parse ] --END-- [ RunTime:0.008421s ]
INFO: [ view_filter ] --START--
INFO: ContentReplace Behavior ::run [ RunTime:0.000298s ]
INFO: TokenBuild Behavior ::run [ RunTime:0.000311s ]
INFO: WriteHtmlCache Behavior ::run [ RunTime:0.000150s ]
INFO: ShowRuntime Behavior ::run [ RunTime:0.000373s ]
INFO: [ view_filter ] --END-- [ RunTime:0.001444s ]
INFO: [ view_end ] --START--
INFO: ShowPageTrace Behavior ::run [ RunTime:0.000440s ]
INFO: [ view_end ] --END-- [ RunTime:0.000568s ]

[ 2015-12-06T14:09:27+08:00 ] 10.202.108.10 /HighYan/index.php/Admin/Index/home
INFO: [ route_check ] --START--
INFO: CheckRoute Behavior ::run [ RunTime:0.000982s ]
INFO: [ route_check ] --END-- [ RunTime:0.001207s ]
INFO: [ app_begin ] --START--
INFO: ReadHtmlCache Behavior ::run [ RunTime:0.000676s ]
INFO: [ app_begin ] --END-- [ RunTime:0.000876s ]
INFO: [ view_parse ] --START--
NOTIC: [8] Undefined index: uname /var/www/HighYan/APP/Runtime/Cache/Admin/167d63cc805ee767a3764a5ddeed5aeb.php 第 24 行.
NOTIC: [8] Undefined index: uname /var/www/HighYan/APP/Runtime/Cache/Admin/167d63cc805ee767a3764a5ddeed5aeb.php 第 25 行.
INFO: ParseTemplate Behavior ::run [ RunTime:0.009860s ]
INFO: [ view_parse ] --END-- [ RunTime:0.010028s ]
INFO: [ view_filter ] --START--
INFO: ContentReplace Behavior ::run [ RunTime:0.000262s ]
INFO: TokenBuild Behavior ::run [ RunTime:0.000283s ]
INFO: WriteHtmlCache Behavior ::run [ RunTime:0.000138s ]
INFO: ShowRuntime Behavior ::run [ RunTime:0.000371s ]
INFO: [ view_filter ] --END-- [ RunTime:0.001365s ]
INFO: [ view_end ] --START--
INFO: ShowPageTrace Behavior ::run [ RunTime:0.000432s ]
INFO: [ view_end ] --END-- [ RunTime:0.000557s ]

[ 2015-12-06T14:09:27+08:00 ] 10.202.108.10 /HighYan/index.php/Admin
INFO: [ route_check ] --START--
INFO: CheckRoute Behavior ::run [ RunTime:0.000584s ]
INFO: [ route_check ] --END-- [ RunTime:0.000716s ]
INFO: [ app_begin ] --START--
INFO: ReadHtmlCache Behavior ::run [ RunTime:0.000387s ]
INFO: [ app_begin ] --END-- [ RunTime:0.000502s ]
INFO: [ view_parse ] --START--
NOTIC: [8] Undefined index: uid /var/www/HighYan/APP/Runtime/Cache/Admin/535580e01fa8474958b57ba3c83c3fb8.php 第 33 行.
NOTIC: [8] Undefined index: uname /var/www/HighYan/APP/Runtime/Cache/Admin/535580e01fa8474958b57ba3c83c3fb8.php 第 40 行.
NOTIC: [8] Undefined index: uid /var/www/HighYan/APP/Runtime/Cache/Admin/535580e01fa8474958b57ba3c83c3fb8.php 第 44 行.
NOTIC: [8] Undefined index: uname /var/www/HighYan/APP/Runtime/Cache/Admin/535580e01fa8474958b57ba3c83c3fb8.php 第 89 行.
NOTIC: [8] Undefined index: uid /var/www/HighYan/APP/Runtime/Cache/Admin/535580e01fa8474958b57ba3c83c3fb8.php 第 162 行.
NOTIC: [8] Undefined index: uid /var/www/HighYan/APP/Runtime/Cache/Admin/535580e01fa8474958b57ba3c83c3fb8.php 第 163 行.
INFO: ParseTemplate Behavior ::run [ RunTime:0.013811s ]
INFO: [ view_parse ] --END-- [ RunTime:0.013937s ]
INFO: [ view_filter ] --START--
INFO: ContentReplace Behavior ::run [ RunTime:0.000279s ]
INFO: TokenBuild Behavior ::run [ RunTime:0.000283s ]
INFO: WriteHtmlCache Behavior ::run [ RunTime:0.000139s ]
INFO: ShowRuntime Behavior ::run [ RunTime:0.000368s ]
INFO: [ view_filter ] --END-- [ RunTime:0.001369s ]
INFO: [ view_end ] --START--
INFO: ShowPageTrace Behavior ::run [ RunTime:0.000417s ]
INFO: [ view_end ] --END-- [ RunTime:0.000533s ]

[ 2015-12-06T14:09:28+08:00 ] 10.202.108.10 /HighYan/index.php/Admin/Index/home
INFO: [ route_check ] --START--
INFO: CheckRoute Behavior ::run [ RunTime:0.000989s ]
INFO: [ route_check ] --END-- [ RunTime:0.001214s ]
INFO: [ app_begin ] --START--
INFO: ReadHtmlCache Behavior ::run [ RunTime:0.000670s ]
INFO: [ app_begin ] --END-- [ RunTime:0.000873s ]
INFO: [ view_parse ] --START--
NOTIC: [8] Undefined index: uname /var/www/HighYan/APP/Runtime/Cache/Admin/167d63cc805ee767a3764a5ddeed5aeb.php 第 24 行.
NOTIC: [8] Undefined index: uname /var/www/HighYan/APP/Runtime/Cache/Admin/167d63cc805ee767a3764a5ddeed5aeb.php 第 25 行.
INFO: ParseTemplate Behavior ::run [ RunTime:0.008390s ]
INFO: [ view_parse ] --END-- [ RunTime:0.008564s ]
INFO: [ view_filter ] --START--
INFO: ContentReplace Behavior ::run [ RunTime:0.000275s ]
INFO: TokenBuild Behavior ::run [ RunTime:0.000290s ]
INFO: WriteHtmlCache Behavior ::run [ RunTime:0.000140s ]
INFO: ShowRuntime Behavior ::run [ RunTime:0.000372s ]
INFO: [ view_filter ] --END-- [ RunTime:0.001381s ]
INFO: [ view_end ] --START--
INFO: ShowPageTrace Behavior ::run [ RunTime:0.000436s ]
INFO: [ view_end ] --END-- [ RunTime:0.000562s ]

[ 2015-12-06T14:09:28+08:00 ] 10.202.108.10 /HighYan/index.php/Admin/Index/home
INFO: [ route_check ] --START--
INFO: CheckRoute Behavior ::run [ RunTime:0.000975s ]
INFO: [ route_check ] --END-- [ RunTime:0.001193s ]
INFO: [ app_begin ] --START--
INFO: ReadHtmlCache Behavior ::run [ RunTime:0.000386s ]
INFO: [ app_begin ] --END-- [ RunTime:0.000502s ]
INFO: [ view_parse ] --START--
NOTIC: [8] Undefined index: uname /var/www/HighYan/APP/Runtime/Cache/Admin/167d63cc805ee767a3764a5ddeed5aeb.php 第 24 行.
NOTIC: [8] Undefined index: uname /var/www/HighYan/APP/Runtime/Cache/Admin/167d63cc805ee767a3764a5ddeed5aeb.php 第 25 行.
INFO: ParseTemplate Behavior ::run [ RunTime:0.008267s ]
INFO: [ view_parse ] --END-- [ RunTime:0.008390s ]
INFO: [ view_filter ] --START--
INFO: ContentReplace Behavior ::run [ RunTime:0.000260s ]
INFO: TokenBuild Behavior ::run [ RunTime:0.000286s ]
INFO: WriteHtmlCache Behavior ::run [ RunTime:0.000139s ]
INFO: ShowRuntime Behavior ::run [ RunTime:0.000370s ]
INFO: [ view_filter ] --END-- [ RunTime:0.001357s ]
INFO: [ view_end ] --START--
INFO: ShowPageTrace Behavior ::run [ RunTime:0.000460s ]
INFO: [ view_end ] --END-- [ RunTime:0.000586s ]

[ 2015-12-06T14:09:28+08:00 ] 10.202.108.10 /HighYan/index.php/Admin
INFO: [ route_check ] --START--
INFO: CheckRoute Behavior ::run [ RunTime:0.000982s ]
INFO: [ route_check ] --END-- [ RunTime:0.001201s ]
INFO: [ app_begin ] --START--
INFO: ReadHtmlCache Behavior ::run [ RunTime:0.000413s ]
INFO: [ app_begin ] --END-- [ RunTime:0.000571s ]
INFO: [ view_parse ] --START--
NOTIC: [8] Undefined index: uid /var/www/HighYan/APP/Runtime/Cache/Admin/535580e01fa8474958b57ba3c83c3fb8.php 第 33 行.
NOTIC: [8] Undefined index: uname /var/www/HighYan/APP/Runtime/Cache/Admin/535580e01fa8474958b57ba3c83c3fb8.php 第 40 行.
NOTIC: [8] Undefined index: uid /var/www/HighYan/APP/Runtime/Cache/Admin/535580e01fa8474958b57ba3c83c3fb8.php 第 44 行.
NOTIC: [8] Undefined index: uname /var/www/HighYan/APP/Runtime/Cache/Admin/535580e01fa8474958b57ba3c83c3fb8.php 第 89 行.
NOTIC: [8] Undefined index: uid /var/www/HighYan/APP/Runtime/Cache/Admin/535580e01fa8474958b57ba3c83c3fb8.php 第 162 行.
NOTIC: [8] Undefined index: uid /var/www/HighYan/APP/Runtime/Cache/Admin/535580e01fa8474958b57ba3c83c3fb8.php 第 163 行.
INFO: ParseTemplate Behavior ::run [ RunTime:0.013784s ]
INFO: [ view_parse ] --END-- [ RunTime:0.013909s ]
INFO: [ view_filter ] --START--
INFO: ContentReplace Behavior ::run [ RunTime:0.000275s ]
INFO: TokenBuild Behavior ::run [ RunTime:0.000283s ]
INFO: WriteHtmlCache Behavior ::run [ RunTime:0.000140s ]
INFO: ShowRuntime Behavior ::run [ RunTime:0.000368s ]
INFO: [ view_filter ] --END-- [ RunTime:0.001371s ]
INFO: [ view_end ] --START--
INFO: ShowPageTrace Behavior ::run [ RunTime:0.000415s ]
INFO: [ view_end ] --END-- [ RunTime:0.000531s ]

[ 2015-12-06T14:09:28+08:00 ] 10.202.108.10 /HighYan/index.php/Admin/Index/home
INFO: [ route_check ] --START--
INFO: CheckRoute Behavior ::run [ RunTime:0.000583s ]
INFO: [ route_check ] --END-- [ RunTime:0.000722s ]
INFO: [ app_begin ] --START--
INFO: ReadHtmlCache Behavior ::run [ RunTime:0.000387s ]
INFO: [ app_begin ] --END-- [ RunTime:0.000502s ]
INFO: [ view_parse ] --START--
NOTIC: [8] Undefined index: uname /var/www/HighYan/APP/Runtime/Cache/Admin/167d63cc805ee767a3764a5ddeed5aeb.php 第 24 行.
NOTIC: [8] Undefined index: uname /var/www/HighYan/APP/Runtime/Cache/Admin/167d63cc805ee767a3764a5ddeed5aeb.php 第 25 行.
INFO: ParseTemplate Behavior ::run [ RunTime:0.008331s ]
INFO: [ view_parse ] --END-- [ RunTime:0.008455s ]
INFO: [ view_filter ] --START--
INFO: ContentReplace Behavior ::run [ RunTime:0.000259s ]
INFO: TokenBuild Behavior ::run [ RunTime:0.000289s ]
INFO: WriteHtmlCache Behavior ::run [ RunTime:0.000138s ]
INFO: ShowRuntime Behavior ::run [ RunTime:0.000373s ]
INFO: [ view_filter ] --END-- [ RunTime:0.001362s ]
INFO: [ view_end ] --START--
INFO: ShowPageTrace Behavior ::run [ RunTime:0.000439s ]
INFO: [ view_end ] --END-- [ RunTime:0.000567s ]

[ 2015-12-06T14:09:28+08:00 ] 10.202.108.10 /HighYan/index.php/Admin/Index/home
INFO: [ route_check ] --START--
INFO: CheckRoute Behavior ::run [ RunTime:0.001015s ]
INFO: [ route_check ] --END-- [ RunTime:0.001234s ]
INFO: [ app_begin ] --START--
INFO: ReadHtmlCache Behavior ::run [ RunTime:0.000670s ]
INFO: [ app_begin ] --END-- [ RunTime:0.000870s ]
INFO: [ view_parse ] --START--
NOTIC: [8] Undefined index: uname /var/www/HighYan/APP/Runtime/Cache/Admin/167d63cc805ee767a3764a5ddeed5aeb.php 第 24 行.
NOTIC: [8] Undefined index: uname /var/www/HighYan/APP/Runtime/Cache/Admin/167d63cc805ee767a3764a5ddeed5aeb.php 第 25 行.
INFO: ParseTemplate Behavior ::run [ RunTime:0.008365s ]
INFO: [ view_parse ] --END-- [ RunTime:0.008562s ]
INFO: [ view_filter ] --START--
INFO: ContentReplace Behavior ::run [ RunTime:0.000262s ]
INFO: TokenBuild Behavior ::run [ RunTime:0.000285s ]
INFO: WriteHtmlCache Behavior ::run [ RunTime:0.000138s ]
INFO: ShowRuntime Behavior ::run [ RunTime:0.000372s ]
INFO: [ view_filter ] --END-- [ RunTime:0.001361s ]
INFO: [ view_end ] --START--
INFO: ShowPageTrace Behavior ::run [ RunTime:0.000432s ]
INFO: [ view_end ] --END-- [ RunTime:0.000558s ]

[ 2015-12-06T14:09:28+08:00 ] 10.202.108.10 /HighYan/index.php/Admin
INFO: [ route_check ] --START--
INFO: CheckRoute Behavior ::run [ RunTime:0.001013s ]
INFO: [ route_check ] --END-- [ RunTime:0.001203s ]
INFO: [ app_begin ] --START--
INFO: ReadHtmlCache Behavior ::run [ RunTime:0.000387s ]
INFO: [ app_begin ] --END-- [ RunTime:0.000502s ]
INFO: [ view_parse ] --START--
NOTIC: [8] Undefined index: uid /var/www/HighYan/APP/Runtime/Cache/Admin/535580e01fa8474958b57ba3c83c3fb8.php 第 33 行.
NOTIC: [8] Undefined index: uname /var/www/HighYan/APP/Runtime/Cache/Admin/535580e01fa8474958b57ba3c83c3fb8.php 第 40 行.
NOTIC: [8] Undefined index: uid /var/www/HighYan/APP/Runtime/Cache/Admin/535580e01fa8474958b57ba3c83c3fb8.php 第 44 行.
NOTIC: [8] Undefined index: uname /var/www/HighYan/APP/Runtime/Cache/Admin/535580e01fa8474958b57ba3c83c3fb8.php 第 89 行.
NOTIC: [8] Undefined index: uid /var/www/HighYan/APP/Runtime/Cache/Admin/535580e01fa8474958b57ba3c83c3fb8.php 第 162 行.
NOTIC: [8] Undefined index: uid /var/www/HighYan/APP/Runtime/Cache/Admin/535580e01fa8474958b57ba3c83c3fb8.php 第 163 行.
INFO: ParseTemplate Behavior ::run [ RunTime:0.013903s ]
INFO: [ view_parse ] --END-- [ RunTime:0.014033s ]
INFO: [ view_filter ] --START--
INFO: ContentReplace Behavior ::run [ RunTime:0.000305s ]
INFO: TokenBuild Behavior ::run [ RunTime:0.000289s ]
INFO: WriteHtmlCache Behavior ::run [ RunTime:0.000141s ]
INFO: ShowRuntime Behavior ::run [ RunTime:0.000369s ]
INFO: [ view_filter ] --END-- [ RunTime:0.001404s ]
INFO: [ view_end ] --START--
INFO: ShowPageTrace Behavior ::run [ RunTime:0.000421s ]
INFO: [ view_end ] --END-- [ RunTime:0.000537s ]

[ 2015-12-06T14:09:29+08:00 ] 10.202.108.10 /HighYan/index.php/Admin/Index/home
INFO: [ route_check ] --START--
INFO: CheckRoute Behavior ::run [ RunTime:0.000589s ]
INFO: [ route_check ] --END-- [ RunTime:0.000727s ]
INFO: [ app_begin ] --START--
INFO: ReadHtmlCache Behavior ::run [ RunTime:0.000385s ]
INFO: [ app_begin ] --END-- [ RunTime:0.000502s ]
INFO: [ view_parse ] --START--
NOTIC: [8] Undefined index: uname /var/www/HighYan/APP/Runtime/Cache/Admin/167d63cc805ee767a3764a5ddeed5aeb.php 第 24 行.
NOTIC: [8] Undefined index: uname /var/www/HighYan/APP/Runtime/Cache/Admin/167d63cc805ee767a3764a5ddeed5aeb.php 第 25 行.
INFO: ParseTemplate Behavior ::run [ RunTime:0.008330s ]
INFO: [ view_parse ] --END-- [ RunTime:0.008455s ]
INFO: [ view_filter ] --START--
INFO: ContentReplace Behavior ::run [ RunTime:0.000261s ]
INFO: TokenBuild Behavior ::run [ RunTime:0.000286s ]
INFO: WriteHtmlCache Behavior ::run [ RunTime:0.000140s ]
INFO: ShowRuntime Behavior ::run [ RunTime:0.000374s ]
INFO: [ view_filter ] --END-- [ RunTime:0.001364s ]
INFO: [ view_end ] --START--
INFO: ShowPageTrace Behavior ::run [ RunTime:0.000434s ]
INFO: [ view_end ] --END-- [ RunTime:0.000567s ]

[ 2015-12-06T14:09:29+08:00 ] 10.202.108.10 /HighYan/index.php/Admin/Index/home
INFO: [ route_check ] --START--
INFO: CheckRoute Behavior ::run [ RunTime:0.000587s ]
INFO: [ route_check ] --END-- [ RunTime:0.000719s ]
INFO: [ app_begin ] --START--
INFO: ReadHtmlCache Behavior ::run [ RunTime:0.000386s ]
INFO: [ app_begin ] --END-- [ RunTime:0.000500s ]
INFO: [ view_parse ] --START--
NOTIC: [8] Undefined index: uname /var/www/HighYan/APP/Runtime/Cache/Admin/167d63cc805ee767a3764a5ddeed5aeb.php 第 24 行.
NOTIC: [8] Undefined index: uname /var/www/HighYan/APP/Runtime/Cache/Admin/167d63cc805ee767a3764a5ddeed5aeb.php 第 25 行.
INFO: ParseTemplate Behavior ::run [ RunTime:0.008462s ]
INFO: [ view_parse ] --END-- [ RunTime:0.008589s ]
INFO: [ view_filter ] --START--
INFO: ContentReplace Behavior ::run [ RunTime:0.000267s ]
INFO: TokenBuild Behavior ::run [ RunTime:0.000288s ]
INFO: WriteHtmlCache Behavior ::run [ RunTime:0.000139s ]
INFO: ShowRuntime Behavior ::run [ RunTime:0.000381s ]
INFO: [ view_filter ] --END-- [ RunTime:0.001380s ]
INFO: [ view_end ] --START--
INFO: ShowPageTrace Behavior ::run [ RunTime:0.000433s ]
INFO: [ view_end ] --END-- [ RunTime:0.000559s ]

[ 2015-12-06T14:09:29+08:00 ] 10.202.108.10 /HighYan/index.php/Admin
INFO: [ route_check ] --START--
INFO: CheckRoute Behavior ::run [ RunTime:0.000576s ]
INFO: [ route_check ] --END-- [ RunTime:0.000707s ]
INFO: [ app_begin ] --START--
INFO: ReadHtmlCache Behavior ::run [ RunTime:0.000386s ]
INFO: [ app_begin ] --END-- [ RunTime:0.000501s ]
INFO: [ view_parse ] --START--
NOTIC: [8] Undefined index: uid /var/www/HighYan/APP/Runtime/Cache/Admin/535580e01fa8474958b57ba3c83c3fb8.php 第 33 行.
NOTIC: [8] Undefined index: uname /var/www/HighYan/APP/Runtime/Cache/Admin/535580e01fa8474958b57ba3c83c3fb8.php 第 40 行.
NOTIC: [8] Undefined index: uid /var/www/HighYan/APP/Runtime/Cache/Admin/535580e01fa8474958b57ba3c83c3fb8.php 第 44 行.
NOTIC: [8] Undefined index: uname /var/www/HighYan/APP/Runtime/Cache/Admin/535580e01fa8474958b57ba3c83c3fb8.php 第 89 行.
NOTIC: [8] Undefined index: uid /var/www/HighYan/APP/Runtime/Cache/Admin/535580e01fa8474958b57ba3c83c3fb8.php 第 162 行.
NOTIC: [8] Undefined index: uid /var/www/HighYan/APP/Runtime/Cache/Admin/535580e01fa8474958b57ba3c83c3fb8.php 第 163 行.
INFO: ParseTemplate Behavior ::run [ RunTime:0.013835s ]
INFO: [ view_parse ] --END-- [ RunTime:0.013962s ]
INFO: [ view_filter ] --START--
INFO: ContentReplace Behavior ::run [ RunTime:0.000278s ]
INFO: TokenBuild Behavior ::run [ RunTime:0.000285s ]
INFO: WriteHtmlCache Behavior ::run [ RunTime:0.000139s ]
INFO: ShowRuntime Behavior ::run [ RunTime:0.000369s ]
INFO: [ view_filter ] --END-- [ RunTime:0.001370s ]
INFO: [ view_end ] --START--
INFO: ShowPageTrace Behavior ::run [ RunTime:0.000427s ]
INFO: [ view_end ] --END-- [ RunTime:0.000544s ]

[ 2015-12-06T14:09:29+08:00 ] 10.202.108.10 /HighYan/index.php/Admin/Index/home
INFO: [ route_check ] --START--
INFO: CheckRoute Behavior ::run [ RunTime:0.001009s ]
INFO: [ route_check ] --END-- [ RunTime:0.001234s ]
INFO: [ app_begin ] --START--
INFO: ReadHtmlCache Behavior ::run [ RunTime:0.000388s ]
INFO: [ app_begin ] --END-- [ RunTime:0.000505s ]
INFO: [ view_parse ] --START--
NOTIC: [8] Undefined index: uname /var/www/HighYan/APP/Runtime/Cache/Admin/167d63cc805ee767a3764a5ddeed5aeb.php 第 24 行.
NOTIC: [8] Undefined index: uname /var/www/HighYan/APP/Runtime/Cache/Admin/167d63cc805ee767a3764a5ddeed5aeb.php 第 25 行.
INFO: ParseTemplate Behavior ::run [ RunTime:0.008338s ]
INFO: [ view_parse ] --END-- [ RunTime:0.008463s ]
INFO: [ view_filter ] --START--
INFO: ContentReplace Behavior ::run [ RunTime:0.000259s ]
INFO: TokenBuild Behavior ::run [ RunTime:0.000287s ]
INFO: WriteHtmlCache Behavior ::run [ RunTime:0.000140s ]
INFO: ShowRuntime Behavior ::run [ RunTime:0.000375s ]
INFO: [ view_filter ] --END-- [ RunTime:0.001366s ]
INFO: [ view_end ] --START--
INFO: ShowPageTrace Behavior ::run [ RunTime:0.000435s ]
INFO: [ view_end ] --END-- [ RunTime:0.000561s ]

[ 2015-12-06T14:09:29+08:00 ] 10.202.108.10 /HighYan/index.php/Admin/Index/home
INFO: [ route_check ] --START--
INFO: CheckRoute Behavior ::run [ RunTime:0.000576s ]
INFO: [ route_check ] --END-- [ RunTime:0.000720s ]
INFO: [ app_begin ] --START--
INFO: ReadHtmlCache Behavior ::run [ RunTime:0.000386s ]
INFO: [ app_begin ] --END-- [ RunTime:0.000502s ]
INFO: [ view_parse ] --START--
NOTIC: [8] Undefined index: uname /var/www/HighYan/APP/Runtime/Cache/Admin/167d63cc805ee767a3764a5ddeed5aeb.php 第 24 行.
NOTIC: [8] Undefined index: uname /var/www/HighYan/APP/Runtime/Cache/Admin/167d63cc805ee767a3764a5ddeed5aeb.php 第 25 行.
INFO: ParseTemplate Behavior ::run [ RunTime:0.008273s ]
INFO: [ view_parse ] --END-- [ RunTime:0.008396s ]
INFO: [ view_filter ] --START--
INFO: ContentReplace Behavior ::run [ RunTime:0.000259s ]
INFO: TokenBuild Behavior ::run [ RunTime:0.000283s ]
INFO: WriteHtmlCache Behavior ::run [ RunTime:0.000157s ]
INFO: ShowRuntime Behavior ::run [ RunTime:0.000371s ]
INFO: [ view_filter ] --END-- [ RunTime:0.001371s ]
INFO: [ view_end ] --START--
INFO: ShowPageTrace Behavior ::run [ RunTime:0.000437s ]
INFO: [ view_end ] --END-- [ RunTime:0.000562s ]

[ 2015-12-06T14:09:40+08:00 ] 10.202.108.10 /HighYan/index.php/Admin
INFO: [ route_check ] --START--
INFO: CheckRoute Behavior ::run [ RunTime:0.001003s ]
INFO: [ route_check ] --END-- [ RunTime:0.001223s ]
INFO: [ app_begin ] --START--
INFO: ReadHtmlCache Behavior ::run [ RunTime:0.000609s ]
INFO: [ app_begin ] --END-- [ RunTime:0.000767s ]
INFO: [ view_parse ] --START--
NOTIC: [8] Undefined index: uid /var/www/HighYan/APP/Runtime/Cache/Admin/535580e01fa8474958b57ba3c83c3fb8.php 第 33 行.
NOTIC: [8] Undefined index: uname /var/www/HighYan/APP/Runtime/Cache/Admin/535580e01fa8474958b57ba3c83c3fb8.php 第 40 行.
NOTIC: [8] Undefined index: uid /var/www/HighYan/APP/Runtime/Cache/Admin/535580e01fa8474958b57ba3c83c3fb8.php 第 44 行.
NOTIC: [8] Undefined index: uname /var/www/HighYan/APP/Runtime/Cache/Admin/535580e01fa8474958b57ba3c83c3fb8.php 第 89 行.
NOTIC: [8] Undefined index: uid /var/www/HighYan/APP/Runtime/Cache/Admin/535580e01fa8474958b57ba3c83c3fb8.php 第 162 行.
NOTIC: [8] Undefined index: uid /var/www/HighYan/APP/Runtime/Cache/Admin/535580e01fa8474958b57ba3c83c3fb8.php 第 163 行.
INFO: ParseTemplate Behavior ::run [ RunTime:0.013865s ]
INFO: [ view_parse ] --END-- [ RunTime:0.013991s ]
INFO: [ view_filter ] --START--
INFO: ContentReplace Behavior ::run [ RunTime:0.000286s ]
INFO: TokenBuild Behavior ::run [ RunTime:0.000292s ]
INFO: WriteHtmlCache Behavior ::run [ RunTime:0.000154s ]
INFO: ShowRuntime Behavior ::run [ RunTime:0.000376s ]
INFO: [ view_filter ] --END-- [ RunTime:0.001408s ]
INFO: [ view_end ] --START--
INFO: ShowPageTrace Behavior ::run [ RunTime:0.000425s ]
INFO: [ view_end ] --END-- [ RunTime:0.000541s ]

[ 2015-12-06T14:09:41+08:00 ] 10.202.108.10 /HighYan/index.php/Admin/Index/home
INFO: [ route_check ] --START--
INFO: CheckRoute Behavior ::run [ RunTime:0.000576s ]
INFO: [ route_check ] --END-- [ RunTime:0.000711s ]
INFO: [ app_begin ] --START--
INFO: ReadHtmlCache Behavior ::run [ RunTime:0.000402s ]
INFO: [ app_begin ] --END-- [ RunTime:0.000520s ]
INFO: [ view_parse ] --START--
NOTIC: [8] Undefined index: uname /var/www/HighYan/APP/Runtime/Cache/Admin/167d63cc805ee767a3764a5ddeed5aeb.php 第 24 行.
NOTIC: [8] Undefined index: uname /var/www/HighYan/APP/Runtime/Cache/Admin/167d63cc805ee767a3764a5ddeed5aeb.php 第 25 行.
INFO: ParseTemplate Behavior ::run [ RunTime:0.008318s ]
INFO: [ view_parse ] --END-- [ RunTime:0.008441s ]
INFO: [ view_filter ] --START--
INFO: ContentReplace Behavior ::run [ RunTime:0.000259s ]
INFO: TokenBuild Behavior ::run [ RunTime:0.000288s ]
INFO: WriteHtmlCache Behavior ::run [ RunTime:0.000140s ]
INFO: ShowRuntime Behavior ::run [ RunTime:0.000374s ]
INFO: [ view_filter ] --END-- [ RunTime:0.001362s ]
INFO: [ view_end ] --START--
INFO: ShowPageTrace Behavior ::run [ RunTime:0.000435s ]
INFO: [ view_end ] --END-- [ RunTime:0.000561s ]

[ 2015-12-06T14:09:41+08:00 ] 10.202.108.10 /HighYan/index.php/Admin/Index/home
INFO: [ route_check ] --START--
INFO: CheckRoute Behavior ::run [ RunTime:0.000623s ]
INFO: [ route_check ] --END-- [ RunTime:0.000774s ]
INFO: [ app_begin ] --START--
INFO: ReadHtmlCache Behavior ::run [ RunTime:0.000390s ]
INFO: [ app_begin ] --END-- [ RunTime:0.000506s ]
INFO: [ view_parse ] --START--
NOTIC: [8] Undefined index: uname /var/www/HighYan/APP/Runtime/Cache/Admin/167d63cc805ee767a3764a5ddeed5aeb.php 第 24 行.
NOTIC: [8] Undefined index: uname /var/www/HighYan/APP/Runtime/Cache/Admin/167d63cc805ee767a3764a5ddeed5aeb.php 第 25 行.
INFO: ParseTemplate Behavior ::run [ RunTime:0.009039s ]
INFO: [ view_parse ] --END-- [ RunTime:0.009169s ]
INFO: [ view_filter ] --START--
INFO: ContentReplace Behavior ::run [ RunTime:0.000283s ]
INFO: TokenBuild Behavior ::run [ RunTime:0.000293s ]
INFO: WriteHtmlCache Behavior ::run [ RunTime:0.000144s ]
INFO: ShowRuntime Behavior ::run [ RunTime:0.000374s ]
INFO: [ view_filter ] --END-- [ RunTime:0.001399s ]
INFO: [ view_end ] --START--
INFO: ShowPageTrace Behavior ::run [ RunTime:0.000433s ]
INFO: [ view_end ] --END-- [ RunTime:0.000558s ]

[ 2015-12-06T14:09:41+08:00 ] 10.202.108.10 /HighYan/index.php/Admin
INFO: [ route_check ] --START--
INFO: CheckRoute Behavior ::run [ RunTime:0.000787s ]
INFO: [ route_check ] --END-- [ RunTime:0.000957s ]
INFO: [ app_begin ] --START--
INFO: ReadHtmlCache Behavior ::run [ RunTime:0.000387s ]
INFO: [ app_begin ] --END-- [ RunTime:0.000502s ]
INFO: [ view_parse ] --START--
NOTIC: [8] Undefined index: uid /var/www/HighYan/APP/Runtime/Cache/Admin/535580e01fa8474958b57ba3c83c3fb8.php 第 33 行.
NOTIC: [8] Undefined index: uname /var/www/HighYan/APP/Runtime/Cache/Admin/535580e01fa8474958b57ba3c83c3fb8.php 第 40 行.
NOTIC: [8] Undefined index: uid /var/www/HighYan/APP/Runtime/Cache/Admin/535580e01fa8474958b57ba3c83c3fb8.php 第 44 行.
NOTIC: [8] Undefined index: uname /var/www/HighYan/APP/Runtime/Cache/Admin/535580e01fa8474958b57ba3c83c3fb8.php 第 89 行.
NOTIC: [8] Undefined index: uid /var/www/HighYan/APP/Runtime/Cache/Admin/535580e01fa8474958b57ba3c83c3fb8.php 第 162 行.
NOTIC: [8] Undefined index: uid /var/www/HighYan/APP/Runtime/Cache/Admin/535580e01fa8474958b57ba3c83c3fb8.php 第 163 行.
INFO: ParseTemplate Behavior ::run [ RunTime:0.013800s ]
INFO: [ view_parse ] --END-- [ RunTime:0.013926s ]
INFO: [ view_filter ] --START--
INFO: ContentReplace Behavior ::run [ RunTime:0.000277s ]
INFO: TokenBuild Behavior ::run [ RunTime:0.000284s ]
INFO: WriteHtmlCache Behavior ::run [ RunTime:0.000139s ]
INFO: ShowRuntime Behavior ::run [ RunTime:0.000369s ]
INFO: [ view_filter ] --END-- [ RunTime:0.001368s ]
INFO: [ view_end ] --START--
INFO: ShowPageTrace Behavior ::run [ RunTime:0.000415s ]
INFO: [ view_end ] --END-- [ RunTime:0.000531s ]

[ 2015-12-06T14:09:41+08:00 ] 10.202.108.10 /HighYan/index.php/Admin/Index/home
INFO: [ route_check ] --START--
INFO: CheckRoute Behavior ::run [ RunTime:0.000605s ]
INFO: [ route_check ] --END-- [ RunTime:0.000748s ]
INFO: [ app_begin ] --START--
INFO: ReadHtmlCache Behavior ::run [ RunTime:0.000397s ]
INFO: [ app_begin ] --END-- [ RunTime:0.000514s ]
INFO: [ view_parse ] --START--
NOTIC: [8] Undefined index: uname /var/www/HighYan/APP/Runtime/Cache/Admin/167d63cc805ee767a3764a5ddeed5aeb.php 第 24 行.
NOTIC: [8] Undefined index: uname /var/www/HighYan/APP/Runtime/Cache/Admin/167d63cc805ee767a3764a5ddeed5aeb.php 第 25 行.
INFO: ParseTemplate Behavior ::run [ RunTime:0.008334s ]
INFO: [ view_parse ] --END-- [ RunTime:0.008458s ]
INFO: [ view_filter ] --START--
INFO: ContentReplace Behavior ::run [ RunTime:0.000260s ]
INFO: TokenBuild Behavior ::run [ RunTime:0.000290s ]
INFO: WriteHtmlCache Behavior ::run [ RunTime:0.000139s ]
INFO: ShowRuntime Behavior ::run [ RunTime:0.000374s ]
INFO: [ view_filter ] --END-- [ RunTime:0.001383s ]
INFO: [ view_end ] --START--
INFO: ShowPageTrace Behavior ::run [ RunTime:0.000432s ]
INFO: [ view_end ] --END-- [ RunTime:0.000561s ]

[ 2015-12-06T14:09:41+08:00 ] 10.202.108.10 /HighYan/index.php/Admin/Index/home
INFO: [ route_check ] --START--
INFO: CheckRoute Behavior ::run [ RunTime:0.000577s ]
INFO: [ route_check ] --END-- [ RunTime:0.000708s ]
INFO: [ app_begin ] --START--
INFO: ReadHtmlCache Behavior ::run [ RunTime:0.000385s ]
INFO: [ app_begin ] --END-- [ RunTime:0.000499s ]
INFO: [ view_parse ] --START--
NOTIC: [8] Undefined index: uname /var/www/HighYan/APP/Runtime/Cache/Admin/167d63cc805ee767a3764a5ddeed5aeb.php 第 24 行.
NOTIC: [8] Undefined index: uname /var/www/HighYan/APP/Runtime/Cache/Admin/167d63cc805ee767a3764a5ddeed5aeb.php 第 25 行.
INFO: ParseTemplate Behavior ::run [ RunTime:0.008313s ]
INFO: [ view_parse ] --END-- [ RunTime:0.008437s ]
INFO: [ view_filter ] --START--
INFO: ContentReplace Behavior ::run [ RunTime:0.000261s ]
INFO: TokenBuild Behavior ::run [ RunTime:0.000283s ]
INFO: WriteHtmlCache Behavior ::run [ RunTime:0.000138s ]
INFO: ShowRuntime Behavior ::run [ RunTime:0.000371s ]
INFO: [ view_filter ] --END-- [ RunTime:0.001356s ]
INFO: [ view_end ] --START--
INFO: ShowPageTrace Behavior ::run [ RunTime:0.000430s ]
INFO: [ view_end ] --END-- [ RunTime:0.000564s ]

[ 2015-12-06T14:22:14+08:00 ] 10.202.108.10 /HighYan/index.php/Admin/Index/index
INFO: [ route_check ] --START--
INFO: CheckRoute Behavior ::run [ RunTime:0.000645s ]
INFO: [ route_check ] --END-- [ RunTime:0.000805s ]
INFO: [ app_begin ] --START--
INFO: ReadHtmlCache Behavior ::run [ RunTime:0.000406s ]
INFO: [ app_begin ] --END-- [ RunTime:0.000525s ]
INFO: [ view_parse ] --START--
NOTIC: [8] Undefined index: uid /var/www/HighYan/APP/Runtime/Cache/Admin/535580e01fa8474958b57ba3c83c3fb8.php 第 33 行.
NOTIC: [8] Undefined index: uname /var/www/HighYan/APP/Runtime/Cache/Admin/535580e01fa8474958b57ba3c83c3fb8.php 第 40 行.
NOTIC: [8] Undefined index: uid /var/www/HighYan/APP/Runtime/Cache/Admin/535580e01fa8474958b57ba3c83c3fb8.php 第 44 行.
NOTIC: [8] Undefined index: uname /var/www/HighYan/APP/Runtime/Cache/Admin/535580e01fa8474958b57ba3c83c3fb8.php 第 89 行.
NOTIC: [8] Undefined index: uid /var/www/HighYan/APP/Runtime/Cache/Admin/535580e01fa8474958b57ba3c83c3fb8.php 第 162 行.
NOTIC: [8] Undefined index: uid /var/www/HighYan/APP/Runtime/Cache/Admin/535580e01fa8474958b57ba3c83c3fb8.php 第 163 行.
INFO: ParseTemplate Behavior ::run [ RunTime:0.014428s ]
INFO: [ view_parse ] --END-- [ RunTime:0.014554s ]
INFO: [ view_filter ] --START--
INFO: ContentReplace Behavior ::run [ RunTime:0.000290s ]
INFO: TokenBuild Behavior ::run [ RunTime:0.000289s ]
INFO: WriteHtmlCache Behavior ::run [ RunTime:0.000142s ]
INFO: ShowRuntime Behavior ::run [ RunTime:0.000385s ]
INFO: [ view_filter ] --END-- [ RunTime:0.001412s ]
INFO: [ view_end ] --START--
INFO: ShowPageTrace Behavior ::run [ RunTime:0.000427s ]
INFO: [ view_end ] --END-- [ RunTime:0.000546s ]

[ 2015-12-06T14:22:14+08:00 ] 10.202.108.10 /HighYan/index.php/Admin/Index/home
INFO: [ route_check ] --START--
INFO: CheckRoute Behavior ::run [ RunTime:0.000591s ]
INFO: [ route_check ] --END-- [ RunTime:0.000725s ]
INFO: [ app_begin ] --START--
INFO: ReadHtmlCache Behavior ::run [ RunTime:0.000399s ]
INFO: [ app_begin ] --END-- [ RunTime:0.000517s ]
INFO: [ view_parse ] --START--
NOTIC: [8] Undefined index: uname /var/www/HighYan/APP/Runtime/Cache/Admin/167d63cc805ee767a3764a5ddeed5aeb.php 第 24 行.
NOTIC: [8] Undefined index: uname /var/www/HighYan/APP/Runtime/Cache/Admin/167d63cc805ee767a3764a5ddeed5aeb.php 第 25 行.
INFO: ParseTemplate Behavior ::run [ RunTime:0.008295s ]
INFO: [ view_parse ] --END-- [ RunTime:0.008416s ]
INFO: [ view_filter ] --START--
INFO: ContentReplace Behavior ::run [ RunTime:0.000266s ]
INFO: TokenBuild Behavior ::run [ RunTime:0.000289s ]
INFO: WriteHtmlCache Behavior ::run [ RunTime:0.000140s ]
INFO: ShowRuntime Behavior ::run [ RunTime:0.000373s ]
INFO: [ view_filter ] --END-- [ RunTime:0.001374s ]
INFO: [ view_end ] --START--
INFO: ShowPageTrace Behavior ::run [ RunTime:0.000423s ]
INFO: [ view_end ] --END-- [ RunTime:0.000569s ]

[ 2015-12-06T14:22:14+08:00 ] 10.202.108.10 /HighYan/index.php/Admin/Index/home
INFO: [ route_check ] --START--
INFO: CheckRoute Behavior ::run [ RunTime:0.000580s ]
INFO: [ route_check ] --END-- [ RunTime:0.000711s ]
INFO: [ app_begin ] --START--
INFO: ReadHtmlCache Behavior ::run [ RunTime:0.000388s ]
INFO: [ app_begin ] --END-- [ RunTime:0.000506s ]
INFO: [ view_parse ] --START--
NOTIC: [8] Undefined index: uname /var/www/HighYan/APP/Runtime/Cache/Admin/167d63cc805ee767a3764a5ddeed5aeb.php 第 24 行.
NOTIC: [8] Undefined index: uname /var/www/HighYan/APP/Runtime/Cache/Admin/167d63cc805ee767a3764a5ddeed5aeb.php 第 25 行.
INFO: ParseTemplate Behavior ::run [ RunTime:0.008496s ]
INFO: [ view_parse ] --END-- [ RunTime:0.008627s ]
INFO: [ view_filter ] --START--
INFO: ContentReplace Behavior ::run [ RunTime:0.000276s ]
INFO: TokenBuild Behavior ::run [ RunTime:0.000289s ]
INFO: WriteHtmlCache Behavior ::run [ RunTime:0.000140s ]
INFO: ShowRuntime Behavior ::run [ RunTime:0.000377s ]
INFO: [ view_filter ] --END-- [ RunTime:0.001388s ]
INFO: [ view_end ] --START--
INFO: ShowPageTrace Behavior ::run [ RunTime:0.000433s ]
INFO: [ view_end ] --END-- [ RunTime:0.000562s ]

[ 2015-12-06T14:22:15+08:00 ] 10.202.108.10 /HighYan/index.php/Home/Home/index
INFO: [ route_check ] --START--
INFO: CheckRoute Behavior ::run [ RunTime:0.001004s ]
INFO: [ route_check ] --END-- [ RunTime:0.001223s ]
INFO: [ app_begin ] --START--
INFO: ReadHtmlCache Behavior ::run [ RunTime:0.000697s ]
INFO: [ app_begin ] --END-- [ RunTime:0.000903s ]
ERR: 无法加载模块:Home

[ 2015-12-06T14:23:44+08:00 ] 10.202.108.10 /HighYan/index.php/Admin/Index/index
INFO: [ route_check ] --START--
INFO: CheckRoute Behavior ::run [ RunTime:0.001026s ]
INFO: [ route_check ] --END-- [ RunTime:0.001227s ]
INFO: [ app_begin ] --START--
INFO: ReadHtmlCache Behavior ::run [ RunTime:0.000405s ]
INFO: [ app_begin ] --END-- [ RunTime:0.000523s ]
INFO: [ view_parse ] --START--
NOTIC: [8] Undefined index: uid /var/www/HighYan/APP/Runtime/Cache/Admin/535580e01fa8474958b57ba3c83c3fb8.php 第 33 行.
NOTIC: [8] Undefined index: uname /var/www/HighYan/APP/Runtime/Cache/Admin/535580e01fa8474958b57ba3c83c3fb8.php 第 40 行.
NOTIC: [8] Undefined index: uid /var/www/HighYan/APP/Runtime/Cache/Admin/535580e01fa8474958b57ba3c83c3fb8.php 第 44 行.
NOTIC: [8] Undefined index: uname /var/www/HighYan/APP/Runtime/Cache/Admin/535580e01fa8474958b57ba3c83c3fb8.php 第 89 行.
NOTIC: [8] Undefined index: uid /var/www/HighYan/APP/Runtime/Cache/Admin/535580e01fa8474958b57ba3c83c3fb8.php 第 162 行.
NOTIC: [8] Undefined index: uid /var/www/HighYan/APP/Runtime/Cache/Admin/535580e01fa8474958b57ba3c83c3fb8.php 第 163 行.
INFO: ParseTemplate Behavior ::run [ RunTime:0.014422s ]
INFO: [ view_parse ] --END-- [ RunTime:0.014556s ]
INFO: [ view_filter ] --START--
INFO: ContentReplace Behavior ::run [ RunTime:0.000328s ]
INFO: TokenBuild Behavior ::run [ RunTime:0.000307s ]
INFO: WriteHtmlCache Behavior ::run [ RunTime:0.000142s ]
INFO: ShowRuntime Behavior ::run [ RunTime:0.000385s ]
INFO: [ view_filter ] --END-- [ RunTime:0.001475s ]
INFO: [ view_end ] --START--
INFO: ShowPageTrace Behavior ::run [ RunTime:0.000430s ]
INFO: [ view_end ] --END-- [ RunTime:0.000547s ]

[ 2015-12-06T14:23:44+08:00 ] 10.202.108.10 /HighYan/index.php/Admin/Index/home
INFO: [ route_check ] --START--
INFO: CheckRoute Behavior ::run [ RunTime:0.000624s ]
INFO: [ route_check ] --END-- [ RunTime:0.000783s ]
INFO: [ app_begin ] --START--
INFO: ReadHtmlCache Behavior ::run [ RunTime:0.000395s ]
INFO: [ app_begin ] --END-- [ RunTime:0.000514s ]
INFO: [ view_parse ] --START--
NOTIC: [8] Undefined index: uname /var/www/HighYan/APP/Runtime/Cache/Admin/167d63cc805ee767a3764a5ddeed5aeb.php 第 24 行.
NOTIC: [8] Undefined index: uname /var/www/HighYan/APP/Runtime/Cache/Admin/167d63cc805ee767a3764a5ddeed5aeb.php 第 25 行.
INFO: ParseTemplate Behavior ::run [ RunTime:0.009072s ]
INFO: [ view_parse ] --END-- [ RunTime:0.009206s ]
INFO: [ view_filter ] --START--
INFO: ContentReplace Behavior ::run [ RunTime:0.000270s ]
INFO: TokenBuild Behavior ::run [ RunTime:0.000293s ]
INFO: WriteHtmlCache Behavior ::run [ RunTime:0.000142s ]
INFO: ShowRuntime Behavior ::run [ RunTime:0.000388s ]
INFO: [ view_filter ] --END-- [ RunTime:0.001406s ]
INFO: [ view_end ] --START--
INFO: ShowPageTrace Behavior ::run [ RunTime:0.000441s ]
INFO: [ view_end ] --END-- [ RunTime:0.000569s ]

[ 2015-12-06T14:23:44+08:00 ] 10.202.108.10 /HighYan/index.php/Admin/Index/home
INFO: [ route_check ] --START--
INFO: CheckRoute Behavior ::run [ RunTime:0.000586s ]
INFO: [ route_check ] --END-- [ RunTime:0.000718s ]
INFO: [ app_begin ] --START--
INFO: ReadHtmlCache Behavior ::run [ RunTime:0.000389s ]
INFO: [ app_begin ] --END-- [ RunTime:0.000506s ]
INFO: [ view_parse ] --START--
NOTIC: [8] Undefined index: uname /var/www/HighYan/APP/Runtime/Cache/Admin/167d63cc805ee767a3764a5ddeed5aeb.php 第 24 行.
NOTIC: [8] Undefined index: uname /var/www/HighYan/APP/Runtime/Cache/Admin/167d63cc805ee767a3764a5ddeed5aeb.php 第 25 行.
INFO: ParseTemplate Behavior ::run [ RunTime:0.008381s ]
INFO: [ view_parse ] --END-- [ RunTime:0.008506s ]
INFO: [ view_filter ] --START--
INFO: ContentReplace Behavior ::run [ RunTime:0.000269s ]
INFO: TokenBuild Behavior ::run [ RunTime:0.000286s ]
INFO: WriteHtmlCache Behavior ::run [ RunTime:0.000145s ]
INFO: ShowRuntime Behavior ::run [ RunTime:0.000384s ]
INFO: [ view_filter ] --END-- [ RunTime:0.001392s ]
INFO: [ view_end ] --START--
INFO: ShowPageTrace Behavior ::run [ RunTime:0.000449s ]
INFO: [ view_end ] --END-- [ RunTime:0.000578s ]

[ 2015-12-06T14:27:13+08:00 ] 10.202.108.10 /HighYan/index.php/Admin/Index/index
INFO: [ route_check ] --START--
INFO: CheckRoute Behavior ::run [ RunTime:0.000664s ]
INFO: [ route_check ] --END-- [ RunTime:0.000824s ]
INFO: [ app_begin ] --START--
INFO: ReadHtmlCache Behavior ::run [ RunTime:0.000408s ]
INFO: [ app_begin ] --END-- [ RunTime:0.000525s ]
INFO: [ view_parse ] --START--
NOTIC: [8] Undefined index: uid /var/www/HighYan/APP/Runtime/Cache/Admin/535580e01fa8474958b57ba3c83c3fb8.php 第 33 行.
NOTIC: [8] Undefined index: uname /var/www/HighYan/APP/Runtime/Cache/Admin/535580e01fa8474958b57ba3c83c3fb8.php 第 40 行.
NOTIC: [8] Undefined index: uid /var/www/HighYan/APP/Runtime/Cache/Admin/535580e01fa8474958b57ba3c83c3fb8.php 第 44 行.
NOTIC: [8] Undefined index: uname /var/www/HighYan/APP/Runtime/Cache/Admin/535580e01fa8474958b57ba3c83c3fb8.php 第 89 行.
NOTIC: [8] Undefined index: uid /var/www/HighYan/APP/Runtime/Cache/Admin/535580e01fa8474958b57ba3c83c3fb8.php 第 162 行.
NOTIC: [8] Undefined index: uid /var/www/HighYan/APP/Runtime/Cache/Admin/535580e01fa8474958b57ba3c83c3fb8.php 第 163 行.
INFO: ParseTemplate Behavior ::run [ RunTime:0.014483s ]
INFO: [ view_parse ] --END-- [ RunTime:0.014611s ]
INFO: [ view_filter ] --START--
INFO: ContentReplace Behavior ::run [ RunTime:0.000291s ]
INFO: TokenBuild Behavior ::run [ RunTime:0.000287s ]
INFO: WriteHtmlCache Behavior ::run [ RunTime:0.000141s ]
INFO: ShowRuntime Behavior ::run [ RunTime:0.000382s ]
INFO: [ view_filter ] --END-- [ RunTime:0.001407s ]
INFO: [ view_end ] --START--
INFO: ShowPageTrace Behavior ::run [ RunTime:0.000427s ]
INFO: [ view_end ] --END-- [ RunTime:0.000546s ]

[ 2015-12-06T14:27:13+08:00 ] 10.202.108.10 /HighYan/index.php/Admin/Index/home
INFO: [ route_check ] --START--
INFO: CheckRoute Behavior ::run [ RunTime:0.000593s ]
INFO: [ route_check ] --END-- [ RunTime:0.000732s ]
INFO: [ app_begin ] --START--
INFO: ReadHtmlCache Behavior ::run [ RunTime:0.000411s ]
INFO: [ app_begin ] --END-- [ RunTime:0.000529s ]
INFO: [ view_parse ] --START--
NOTIC: [8] Undefined index: uname /var/www/HighYan/APP/Runtime/Cache/Admin/167d63cc805ee767a3764a5ddeed5aeb.php 第 24 行.
NOTIC: [8] Undefined index: uname /var/www/HighYan/APP/Runtime/Cache/Admin/167d63cc805ee767a3764a5ddeed5aeb.php 第 25 行.
INFO: ParseTemplate Behavior ::run [ RunTime:0.008315s ]
INFO: [ view_parse ] --END-- [ RunTime:0.008438s ]
INFO: [ view_filter ] --START--
INFO: ContentReplace Behavior ::run [ RunTime:0.000267s ]
INFO: TokenBuild Behavior ::run [ RunTime:0.000292s ]
INFO: WriteHtmlCache Behavior ::run [ RunTime:0.000139s ]
INFO: ShowRuntime Behavior ::run [ RunTime:0.000373s ]
INFO: [ view_filter ] --END-- [ RunTime:0.001375s ]
INFO: [ view_end ] --START--
INFO: ShowPageTrace Behavior ::run [ RunTime:0.000425s ]
INFO: [ view_end ] --END-- [ RunTime:0.000552s ]

[ 2015-12-06T14:27:14+08:00 ] 10.202.108.10 /HighYan/index.php/Admin/Index/home
INFO: [ route_check ] --START--
INFO: CheckRoute Behavior ::run [ RunTime:0.000620s ]
INFO: [ route_check ] --END-- [ RunTime:0.000791s ]
INFO: [ app_begin ] --START--
INFO: ReadHtmlCache Behavior ::run [ RunTime:0.000400s ]
INFO: [ app_begin ] --END-- [ RunTime:0.000548s ]
INFO: [ view_parse ] --START--
NOTIC: [8] Undefined index: uname /var/www/HighYan/APP/Runtime/Cache/Admin/167d63cc805ee767a3764a5ddeed5aeb.php 第 24 行.
NOTIC: [8] Undefined index: uname /var/www/HighYan/APP/Runtime/Cache/Admin/167d63cc805ee767a3764a5ddeed5aeb.php 第 25 行.
INFO: ParseTemplate Behavior ::run [ RunTime:0.009123s ]
INFO: [ view_parse ] --END-- [ RunTime:0.009254s ]
INFO: [ view_filter ] --START--
INFO: ContentReplace Behavior ::run [ RunTime:0.000290s ]
INFO: TokenBuild Behavior ::run [ RunTime:0.000305s ]
INFO: WriteHtmlCache Behavior ::run [ RunTime:0.000142s ]
INFO: ShowRuntime Behavior ::run [ RunTime:0.000385s ]
INFO: [ view_filter ] --END-- [ RunTime:0.001435s ]
INFO: [ view_end ] --START--
INFO: ShowPageTrace Behavior ::run [ RunTime:0.000446s ]
INFO: [ view_end ] --END-- [ RunTime:0.000574s ]

[ 2015-12-06T14:27:15+08:00 ] 10.202.108.10 /HighYan/index.php/Index/Index/index
INFO: [ route_check ] --START--
INFO: CheckRoute Behavior ::run [ RunTime:0.001022s ]
INFO: [ route_check ] --END-- [ RunTime:0.001241s ]
INFO: [ app_begin ] --START--
INFO: ReadHtmlCache Behavior ::run [ RunTime:0.000399s ]
INFO: [ app_begin ] --END-- [ RunTime:0.000519s ]
INFO: [ view_parse ] --START--
INFO: ParseTemplate Behavior ::run [ RunTime:0.012650s ]
INFO: [ view_parse ] --END-- [ RunTime:0.012785s ]
INFO: [ view_filter ] --START--
INFO: ContentReplace Behavior ::run [ RunTime:0.000252s ]
INFO: TokenBuild Behavior ::run [ RunTime:0.000299s ]
INFO: WriteHtmlCache Behavior ::run [ RunTime:0.000160s ]
INFO: ShowRuntime Behavior ::run [ RunTime:0.000392s ]
INFO: [ view_filter ] --END-- [ RunTime:0.001416s ]
INFO: [ view_end ] --START--
INFO: ShowPageTrace Behavior ::run [ RunTime:0.000459s ]
INFO: [ view_end ] --END-- [ RunTime:0.000581s ]

[ 2015-12-06T14:27:20+08:00 ] 10.202.108.10 /HighYan/index.php/Admin/Index/index
INFO: [ route_check ] --START--
INFO: CheckRoute Behavior ::run [ RunTime:0.001026s ]
INFO: [ route_check ] --END-- [ RunTime:0.001244s ]
INFO: [ app_begin ] --START--
INFO: ReadHtmlCache Behavior ::run [ RunTime:0.000691s ]
INFO: [ app_begin ] --END-- [ RunTime:0.000894s ]
INFO: [ view_parse ] --START--
NOTIC: [8] Undefined index: uid /var/www/HighYan/APP/Runtime/Cache/Admin/535580e01fa8474958b57ba3c83c3fb8.php 第 33 行.
NOTIC: [8] Undefined index: uname /var/www/HighYan/APP/Runtime/Cache/Admin/535580e01fa8474958b57ba3c83c3fb8.php 第 40 行.
NOTIC: [8] Undefined index: uid /var/www/HighYan/APP/Runtime/Cache/Admin/535580e01fa8474958b57ba3c83c3fb8.php 第 44 行.
NOTIC: [8] Undefined index: uname /var/www/HighYan/APP/Runtime/Cache/Admin/535580e01fa8474958b57ba3c83c3fb8.php 第 89 行.
NOTIC: [8] Undefined index: uid /var/www/HighYan/APP/Runtime/Cache/Admin/535580e01fa8474958b57ba3c83c3fb8.php 第 162 行.
NOTIC: [8] Undefined index: uid /var/www/HighYan/APP/Runtime/Cache/Admin/535580e01fa8474958b57ba3c83c3fb8.php 第 163 行.
INFO: ParseTemplate Behavior ::run [ RunTime:0.015506s ]
INFO: [ view_parse ] --END-- [ RunTime:0.015672s ]
INFO: [ view_filter ] --START--
INFO: ContentReplace Behavior ::run [ RunTime:0.000288s ]
INFO: TokenBuild Behavior ::run [ RunTime:0.000289s ]
INFO: WriteHtmlCache Behavior ::run [ RunTime:0.000141s ]
INFO: ShowRuntime Behavior ::run [ RunTime:0.000373s ]
INFO: [ view_filter ] --END-- [ RunTime:0.001414s ]
INFO: [ view_end ] --START--
INFO: ShowPageTrace Behavior ::run [ RunTime:0.000418s ]
INFO: [ view_end ] --END-- [ RunTime:0.000535s ]

[ 2015-12-06T14:27:20+08:00 ] 10.202.108.10 /HighYan/index.php/Admin/Index/home
INFO: [ route_check ] --START--
INFO: CheckRoute Behavior ::run [ RunTime:0.000581s ]
INFO: [ route_check ] --END-- [ RunTime:0.000713s ]
INFO: [ app_begin ] --START--
INFO: ReadHtmlCache Behavior ::run [ RunTime:0.000391s ]
INFO: [ app_begin ] --END-- [ RunTime:0.000508s ]
INFO: [ view_parse ] --START--
NOTIC: [8] Undefined index: uname /var/www/HighYan/APP/Runtime/Cache/Admin/167d63cc805ee767a3764a5ddeed5aeb.php 第 24 行.
NOTIC: [8] Undefined index: uname /var/www/HighYan/APP/Runtime/Cache/Admin/167d63cc805ee767a3764a5ddeed5aeb.php 第 25 行.
INFO: ParseTemplate Behavior ::run [ RunTime:0.008324s ]
INFO: [ view_parse ] --END-- [ RunTime:0.008449s ]
INFO: [ view_filter ] --START--
INFO: ContentReplace Behavior ::run [ RunTime:0.000261s ]
INFO: TokenBuild Behavior ::run [ RunTime:0.000284s ]
INFO: WriteHtmlCache Behavior ::run [ RunTime:0.000138s ]
INFO: ShowRuntime Behavior ::run [ RunTime:0.000374s ]
INFO: [ view_filter ] --END-- [ RunTime:0.001363s ]
INFO: [ view_end ] --START--
INFO: ShowPageTrace Behavior ::run [ RunTime:0.000436s ]
INFO: [ view_end ] --END-- [ RunTime:0.000566s ]

[ 2015-12-06T14:27:20+08:00 ] 10.202.108.10 /HighYan/index.php/Admin/Index/home
INFO: [ route_check ] --START--
INFO: CheckRoute Behavior ::run [ RunTime:0.000571s ]
INFO: [ route_check ] --END-- [ RunTime:0.000702s ]
INFO: [ app_begin ] --START--
INFO: ReadHtmlCache Behavior ::run [ RunTime:0.000388s ]
INFO: [ app_begin ] --END-- [ RunTime:0.000506s ]
INFO: [ view_parse ] --START--
NOTIC: [8] Undefined index: uname /var/www/HighYan/APP/Runtime/Cache/Admin/167d63cc805ee767a3764a5ddeed5aeb.php 第 24 行.
NOTIC: [8] Undefined index: uname /var/www/HighYan/APP/Runtime/Cache/Admin/167d63cc805ee767a3764a5ddeed5aeb.php 第 25 行.
INFO: ParseTemplate Behavior ::run [ RunTime:0.008369s ]
INFO: [ view_parse ] --END-- [ RunTime:0.008498s ]
INFO: [ view_filter ] --START--
INFO: ContentReplace Behavior ::run [ RunTime:0.000277s ]
INFO: TokenBuild Behavior ::run [ RunTime:0.000291s ]
INFO: WriteHtmlCache Behavior ::run [ RunTime:0.000140s ]
INFO: ShowRuntime Behavior ::run [ RunTime:0.000374s ]
INFO: [ view_filter ] --END-- [ RunTime:0.001387s ]
INFO: [ view_end ] --START--
INFO: ShowPageTrace Behavior ::run [ RunTime:0.000446s ]
INFO: [ view_end ] --END-- [ RunTime:0.000575s ]

[ 2015-12-06T14:32:32+08:00 ] 10.202.108.10 /HighYan/index.php/Admin/Show/user
INFO: [ route_check ] --START--
INFO: CheckRoute Behavior ::run [ RunTime:0.000629s ]
INFO: [ route_check ] --END-- [ RunTime:0.000783s ]
INFO: [ app_begin ] --START--
INFO: ReadHtmlCache Behavior ::run [ RunTime:0.000416s ]
INFO: [ app_begin ] --END-- [ RunTime:0.000532s ]
ERR: 无法加载模块:Show

[ 2015-12-06T14:32:35+08:00 ] 10.202.108.10 /HighYan/index.php/Admin/Project/project
INFO: [ route_check ] --START--
INFO: CheckRoute Behavior ::run [ RunTime:0.000589s ]
INFO: [ route_check ] --END-- [ RunTime:0.000722s ]
INFO: [ app_begin ] --START--
INFO: ReadHtmlCache Behavior ::run [ RunTime:0.000397s ]
INFO: [ app_begin ] --END-- [ RunTime:0.000514s ]
ERR: 无法加载模块:Project

[ 2015-12-06T14:32:36+08:00 ] 10.202.108.10 /HighYan/index.php/Admin/Facility/facility
INFO: [ route_check ] --START--
INFO: CheckRoute Behavior ::run [ RunTime:0.001003s ]
INFO: [ route_check ] --END-- [ RunTime:0.001223s ]
INFO: [ app_begin ] --START--
INFO: ReadHtmlCache Behavior ::run [ RunTime:0.000676s ]
INFO: [ app_begin ] --END-- [ RunTime:0.000880s ]
ERR: 无法加载模块:Facility

[ 2015-12-06T14:32:37+08:00 ] 10.202.108.10 /HighYan/index.php/Admin/Index/changeadmin
INFO: [ route_check ] --START--
INFO: CheckRoute Behavior ::run [ RunTime:0.000824s ]
INFO: [ route_check ] --END-- [ RunTime:0.001000s ]
INFO: [ app_begin ] --START--
INFO: ReadHtmlCache Behavior ::run [ RunTime:0.000393s ]
INFO: [ app_begin ] --END-- [ RunTime:0.000491s ]
ERR: 非法操作:changeadmin

[ 2015-12-06T14:32:43+08:00 ] 10.202.108.10 /HighYan/index.php/Admin/Index/changepwd
INFO: [ route_check ] --START--
INFO: CheckRoute Behavior ::run [ RunTime:0.000636s ]
INFO: [ route_check ] --END-- [ RunTime:0.000794s ]
INFO: [ app_begin ] --START--
INFO: ReadHtmlCache Behavior ::run [ RunTime:0.000411s ]
INFO: [ app_begin ] --END-- [ RunTime:0.000512s ]
ERR: 非法操作:changepwd

[ 2015-12-06T14:32:48+08:00 ] 10.202.108.10 /HighYan/index.php/Admin/Index/changeadmin
INFO: [ route_check ] --START--
INFO: CheckRoute Behavior ::run [ RunTime:0.001014s ]
INFO: [ route_check ] --END-- [ RunTime:0.001235s ]
INFO: [ app_begin ] --START--
INFO: ReadHtmlCache Behavior ::run [ RunTime:0.000688s ]
INFO: [ app_begin ] --END-- [ RunTime:0.000862s ]
ERR: 非法操作:changeadmin

[ 2015-12-06T14:32:51+08:00 ] 10.202.108.10 /HighYan/index.php/Admin/Index/help
INFO: [ route_check ] --START--
INFO: CheckRoute Behavior ::run [ RunTime:0.000591s ]
INFO: [ route_check ] --END-- [ RunTime:0.000723s ]
INFO: [ app_begin ] --START--
INFO: ReadHtmlCache Behavior ::run [ RunTime:0.000393s ]
INFO: [ app_begin ] --END-- [ RunTime:0.000511s ]
ERR: 非法操作:help

